
    <?xml version="1.0" encoding="UTF-8"?>
<!DOCTYPE html PUBLIC "-//W3C//DTD XHTML 1.0 Strict//EN" "http://www.w3.org/TR/xhtml1/DTD/xhtml1-strict.dtd">
<html xmlns="http://www.w3.org/1999/xhtml">
<head>
    <title>RackLink Select Automated Test Results</title>
    <!-- <meta name="generator" content="HTMLTestRunner 0.8.3"/> -->
    <meta http-equiv="Content-Type" content="text/html; charset=UTF-8"/>
    
<style type="text/css" media="screen">
body        { font-family: verdana, arial, helvetica, sans-serif; font-size: 80%; }
table       { font-size: 100%; }
pre         { }
/* -- heading ---------------------------------------------------------------------- */
h1 {
	font-size: 16pt;
	color: gray;
}
.heading {
    margin-top: 0ex;
    margin-bottom: 1ex;
}
.heading .attribute {
    margin-top: 1ex;
    margin-bottom: 0;
}
.heading .description {
    margin-top: 4ex;
    margin-bottom: 6ex;
}
/* -- css div popup ------------------------------------------------------------------------ */
a.popup_link {
}
a.popup_link:hover {
    color: red;
}
.popup_window {
    display: none;
    position: relative;
    left: 0px;
    top: 0px;
    /*border: solid #627173 1px; */
    padding: 10px;
    background-color: #E6E6D6;
    font-family: "Lucida Console", "Courier New", Courier, monospace;
    text-align: left;
    font-size: 8pt;
    width: 500px;
}
}
/* -- report ------------------------------------------------------------------------ */
#show_detail_line {
    margin-top: 3ex;
    margin-bottom: 1ex;
}
#result_table {
    width: 80%;
    border-collapse: collapse;
    border: 1px solid #777;
}
#header_row {
    font-weight: bold;
    color: white;
    background-color: #777;
}
#result_table td {
    border: 1px solid #777;
    padding: 2px;
}
#total_row  { font-weight: bold; }
.passClass  { background-color: #6c6; }
.failClass  { background-color: #c60; }
.errorClass { background-color: #c00; }
.passCase   { color: #6c6; }
.failCase   { color: #c60; font-weight: bold; }
.errorCase  { color: #c00; font-weight: bold; }
.hiddenRow  { display: none; }
.testcase   { margin-left: 2em; }
/* -- ending ---------------------------------------------------------------------- */
#ending {
}
</style>

</head>
<body>
<script language="javascript" type="text/javascript"><!--
output_list = Array();

/* level - 0:Summary; 1:Failed; 2:All */
function showCase(level) {
    trs = document.getElementsByTagName("tr");
    for (var i = 0; i < trs.length; i++) {
        tr = trs[i];
        id = tr.id;
        if (id.substr(0,2) == 'ft') {
            if (level < 1) {
                tr.className = 'hiddenRow';
            }
            else {
                tr.className = '';
            }
        }
        if (id.substr(0,2) == 'pt') {
            if (level > 1) {
                tr.className = '';
            }
            else {
                tr.className = 'hiddenRow';
            }
        }
    }
}

function showClassDetail(cid, count) {
    var id_list = Array(count);
    var toHide = 1;
    for (var i = 0; i < count; i++) {
        tid0 = 't' + cid.substr(1) + '.' + (i+1);
        tid = 'f' + tid0;
        tr = document.getElementById(tid);
        if (!tr) {
            tid = 'p' + tid0;
            tr = document.getElementById(tid);
        }
        id_list[i] = tid;
        if (tr.className) {
            toHide = 0;
        }
    }
    for (var i = 0; i < count; i++) {
        tid = id_list[i];
        if (toHide) {
            document.getElementById('div_'+tid).style.display = 'none'
            document.getElementById(tid).className = 'hiddenRow';
        }
        else {
            document.getElementById(tid).className = '';
        }
    }
}


function showTestDetail(div_id){
    var details_div = document.getElementById(div_id)
    var displayState = details_div.style.display
    // alert(displayState)
    if (displayState != 'block' ) {
        displayState = 'block'
        details_div.style.display = 'block'
    }
    else {
        details_div.style.display = 'none'
    }
}


function html_escape(s) {
    s = s.replace(/&/g,'&amp;');
    s = s.replace(/</g,'&lt;');
    s = s.replace(/>/g,'&gt;');
    return s;
}

/* obsoleted by detail in <div>
function showOutput(id, name) {
    var w = window.open("", //url
                    name,
                    "resizable,scrollbars,status,width=800,height=450");
    d = w.document;
    d.write("<pre>");
    d.write(html_escape(output_list[id]));
    d.write("
");
    d.write("<a href='javascript:window.close()'>close</a>
");
    d.write("</pre>
");
    d.close();
}
*/
--></script>

<div class='heading'>
<h1>RackLink Select Automated Test Results</h1>
<p class='attribute'><strong>Start Time:</strong> 2017-09-19 15:55:01</p>
<p class='attribute'><strong>Duration:</strong> 1:17:55.066000</p>
<p class='attribute'><strong>Status:</strong> Pass 30 Failure 2 Error 8</p>

<p class='description'></p>
</div>


<p id='show_detail_line'>Show
<a href='javascript:showCase(0)'>Summary</a>
<a href='javascript:showCase(1)'>Failed</a>
<a href='javascript:showCase(2)'>All</a>
</p>
<table id='result_table'>
<colgroup>
<col align='left' />
<col align='right' />
<col align='right' />
<col align='right' />
<col align='right' />
<col align='right' />
</colgroup>
<tr id='header_row'>
    <td>Test Group/Test case</td>
    <td>Count</td>
    <td>Pass</td>
    <td>Fail</td>
    <td>Error</td>
    <td>View</td>
</tr>

<tr class='errorClass'>
    <td>outlet_name_change.OutletNameChange</td>
    <td>3</td>
    <td>2</td>
    <td>0</td>
    <td>1</td>
    <td><a href="javascript:showClassDetail('c1',3)">Detail</a></td>
</tr>

<tr id='pt1.1' class='hiddenRow'>
    <td class='none'><div class='testcase'>test_outlet_name_blank</div></td>
    <td colspan='5' align='center'>
    <!--css div popup start-->
    <a class="popup_link" onfocus='this.blur();' href="javascript:showTestDetail('div_pt1.1')" >
        pass</a>
    <div id='div_pt1.1' class="popup_window">
        <div style='text-align: right; color:red;cursor:pointer'>
        <a onfocus='this.blur();' onclick="document.getElementById('div_pt1.1').style.display = 'none' " >
           [x]</a>
        </div>
        <pre>
        
pt1.1: 
Test Complete


        </pre>
    </div>
    <!--css div popup end-->
    </td>
</tr>

<tr id='ft1.2' class='none'>
    <td class='errorCase'><div class='testcase'>test_outlet_name_length</div></td>
    <td colspan='5' align='center'>
    <!--css div popup start-->
    <a class="popup_link" onfocus='this.blur();' href="javascript:showTestDetail('div_ft1.2')" >
        error</a>
    <div id='div_ft1.2' class="popup_window">
        <div style='text-align: right; color:red;cursor:pointer'>
        <a onfocus='this.blur();' onclick="document.getElementById('div_ft1.2').style.display = 'none' " >
           [x]</a>
        </div>
        <pre>
        
ft1.2: 
Test Complete
Traceback (most recent call last):
  File "C:\rlnk-select-test-automation\Outlet-RackLink_Tests\Outlets-Test\outlet_name_change.py", line 102, in test_outlet_name_length
    driver.wait_and_click(close_btn_msg(), XPATH)
  File "C:\rlnk-select-test-automation\Outlet-RackLink_Tests\Outlets-Test\Utils\selenium_driver.py", line 226, in wait_and_click
    self.wait_until_clickable(locator, locatorType)
  File "C:\rlnk-select-test-automation\Outlet-RackLink_Tests\Outlets-Test\Utils\selenium_driver.py", line 129, in wait_until_clickable
    element = wait.until(EC.element_to_be_clickable((byType, locator)))
  File "C:\Python27\lib\site-packages\selenium\webdriver\support\wait.py", line 80, in until
    raise TimeoutException(message, screen, stacktrace)
TimeoutException: Message: 



        </pre>
    </div>
    <!--css div popup end-->
    </td>
</tr>

<tr id='pt1.3' class='hiddenRow'>
    <td class='none'><div class='testcase'>test_outlet_name_not_changed</div></td>
    <td colspan='5' align='center'>
    <!--css div popup start-->
    <a class="popup_link" onfocus='this.blur();' href="javascript:showTestDetail('div_pt1.3')" >
        pass</a>
    <div id='div_pt1.3' class="popup_window">
        <div style='text-align: right; color:red;cursor:pointer'>
        <a onfocus='this.blur();' onclick="document.getElementById('div_pt1.3').style.display = 'none' " >
           [x]</a>
        </div>
        <pre>
        
pt1.3: 
Test Complete

Test Complete


        </pre>
    </div>
    <!--css div popup end-->
    </td>
</tr>

<tr class='errorClass'>
    <td>outlet_in_sequence_checkbox.OutletInSequence</td>
    <td>4</td>
    <td>3</td>
    <td>0</td>
    <td>1</td>
    <td><a href="javascript:showClassDetail('c2',4)">Detail</a></td>
</tr>

<tr id='pt2.1' class='hiddenRow'>
    <td class='none'><div class='testcase'>test_check_inSeq_only</div></td>
    <td colspan='5' align='center'>
    <!--css div popup start-->
    <a class="popup_link" onfocus='this.blur();' href="javascript:showTestDetail('div_pt2.1')" >
        pass</a>
    <div id='div_pt2.1' class="popup_window">
        <div style='text-align: right; color:red;cursor:pointer'>
        <a onfocus='this.blur();' onclick="document.getElementById('div_pt2.1').style.display = 'none' " >
           [x]</a>
        </div>
        <pre>
        
pt2.1: 
Test Complete

Test Complete
Outlet is no longer in-sequence |  PASSED
Outlet is no longer in-sequence |  PASSED
Outlet is no longer in-sequence |  PASSED
"Currently no outlets in in-seq" message displayed |  PASSED 

Test Complete


        </pre>
    </div>
    <!--css div popup end-->
    </td>
</tr>

<tr id='ft2.2' class='none'>
    <td class='errorCase'><div class='testcase'>test_inSeq_selected</div></td>
    <td colspan='5' align='center'>
    <!--css div popup start-->
    <a class="popup_link" onfocus='this.blur();' href="javascript:showTestDetail('div_ft2.2')" >
        error</a>
    <div id='div_ft2.2' class="popup_window">
        <div style='text-align: right; color:red;cursor:pointer'>
        <a onfocus='this.blur();' onclick="document.getElementById('div_ft2.2').style.display = 'none' " >
           [x]</a>
        </div>
        <pre>
        
ft2.2: 
Test Complete

Test Complete
Outlet is no longer in-sequence |  PASSED
Outlet is no longer in-sequence |  PASSED
Outlet is no longer in-sequence |  PASSED
"Currently no outlets in in-seq" message displayed |  PASSED 

Test Complete

::::: Outlet 1 :::::


::::: Outlet 2 :::::

Traceback (most recent call last):
  File "C:\rlnk-select-test-automation\Outlet-RackLink_Tests\Outlets-Test\outlet_in_sequence_checkbox.py", line 44, in test_inSeq_selected
    driver.element_click(inSeqInput, XPATH)
  File "C:\rlnk-select-test-automation\Outlet-RackLink_Tests\Outlets-Test\Utils\selenium_driver.py", line 71, in element_click
    element.click()
AttributeError: 'bool' object has no attribute 'click'


        </pre>
    </div>
    <!--css div popup end-->
    </td>
</tr>

<tr id='pt2.3' class='hiddenRow'>
    <td class='none'><div class='testcase'>test_seq_down: Tests sequence down</div></td>
    <td colspan='5' align='center'>
    <!--css div popup start-->
    <a class="popup_link" onfocus='this.blur();' href="javascript:showTestDetail('div_pt2.3')" >
        pass</a>
    <div id='div_pt2.3' class="popup_window">
        <div style='text-align: right; color:red;cursor:pointer'>
        <a onfocus='this.blur();' onclick="document.getElementById('div_pt2.3').style.display = 'none' " >
           [x]</a>
        </div>
        <pre>
        
pt2.3: 
Test Complete

Test Complete
Outlet is no longer in-sequence |  PASSED
Outlet is no longer in-sequence |  PASSED
Outlet is no longer in-sequence |  PASSED
"Currently no outlets in in-seq" message displayed |  PASSED 

Test Complete

::::: Outlet 1 :::::


::::: Outlet 2 :::::

Delay input value is within 1 - 255 |  PASSED

Test Complete


        </pre>
    </div>
    <!--css div popup end-->
    </td>
</tr>

<tr id='pt2.4' class='hiddenRow'>
    <td class='none'><div class='testcase'>test_seq_up: Tests sequence up</div></td>
    <td colspan='5' align='center'>
    <!--css div popup start-->
    <a class="popup_link" onfocus='this.blur();' href="javascript:showTestDetail('div_pt2.4')" >
        pass</a>
    <div id='div_pt2.4' class="popup_window">
        <div style='text-align: right; color:red;cursor:pointer'>
        <a onfocus='this.blur();' onclick="document.getElementById('div_pt2.4').style.display = 'none' " >
           [x]</a>
        </div>
        <pre>
        
pt2.4: 
Test Complete

Test Complete
Outlet is no longer in-sequence |  PASSED
Outlet is no longer in-sequence |  PASSED
Outlet is no longer in-sequence |  PASSED
"Currently no outlets in in-seq" message displayed |  PASSED 

Test Complete

::::: Outlet 1 :::::


::::: Outlet 2 :::::

Delay input value is within 1 - 255 |  PASSED

Test Complete
Delay input value is withing 1 - 255 |  PASSED
All visible outlets turned on |  PASSED

Test Complete


        </pre>
    </div>
    <!--css div popup end-->
    </td>
</tr>

<tr class='passClass'>
    <td>outlet_status_log.OutletStatusLog</td>
    <td>1</td>
    <td>1</td>
    <td>0</td>
    <td>0</td>
    <td><a href="javascript:showClassDetail('c3',1)">Detail</a></td>
</tr>

<tr id='pt3.1' class='hiddenRow'>
    <td class='none'><div class='testcase'>test_outlet_status_log</div></td>
    <td colspan='5' align='center'>
    <!--css div popup start-->
    <a class="popup_link" onfocus='this.blur();' href="javascript:showTestDetail('div_pt3.1')" >
        pass</a>
    <div id='div_pt3.1' class="popup_window">
        <div style='text-align: right; color:red;cursor:pointer'>
        <a onfocus='this.blur();' onclick="document.getElementById('div_pt3.1').style.display = 'none' " >
           [x]</a>
        </div>
        <pre>
        
pt3.1: 
Test Complete

Test Complete
Outlet is no longer in-sequence |  PASSED
Outlet is no longer in-sequence |  PASSED
Outlet is no longer in-sequence |  PASSED
"Currently no outlets in in-seq" message displayed |  PASSED 

Test Complete

::::: Outlet 1 :::::


::::: Outlet 2 :::::

Delay input value is within 1 - 255 |  PASSED

Test Complete
Delay input value is withing 1 - 255 |  PASSED
All visible outlets turned on |  PASSED

Test Complete

Test Complete


        </pre>
    </div>
    <!--css div popup end-->
    </td>
</tr>

<tr class='errorClass'>
    <td>outlet_cycle_delay.OutletCycleDelay</td>
    <td>2</td>
    <td>1</td>
    <td>0</td>
    <td>1</td>
    <td><a href="javascript:showClassDetail('c4',2)">Detail</a></td>
</tr>

<tr id='pt4.1' class='hiddenRow'>
    <td class='none'><div class='testcase'>test_cycle_invalid_input</div></td>
    <td colspan='5' align='center'>
    <!--css div popup start-->
    <a class="popup_link" onfocus='this.blur();' href="javascript:showTestDetail('div_pt4.1')" >
        pass</a>
    <div id='div_pt4.1' class="popup_window">
        <div style='text-align: right; color:red;cursor:pointer'>
        <a onfocus='this.blur();' onclick="document.getElementById('div_pt4.1').style.display = 'none' " >
           [x]</a>
        </div>
        <pre>
        
pt4.1: 
Test Complete

Test Complete
Outlet is no longer in-sequence |  PASSED
Outlet is no longer in-sequence |  PASSED
Outlet is no longer in-sequence |  PASSED
"Currently no outlets in in-seq" message displayed |  PASSED 

Test Complete

::::: Outlet 1 :::::


::::: Outlet 2 :::::

Delay input value is within 1 - 255 |  PASSED

Test Complete
Delay input value is withing 1 - 255 |  PASSED
All visible outlets turned on |  PASSED

Test Complete

Test Complete

Test Complete


        </pre>
    </div>
    <!--css div popup end-->
    </td>
</tr>

<tr id='ft4.2' class='none'>
    <td class='errorCase'><div class='testcase'>test_outlet_cycle</div></td>
    <td colspan='5' align='center'>
    <!--css div popup start-->
    <a class="popup_link" onfocus='this.blur();' href="javascript:showTestDetail('div_ft4.2')" >
        error</a>
    <div id='div_ft4.2' class="popup_window">
        <div style='text-align: right; color:red;cursor:pointer'>
        <a onfocus='this.blur();' onclick="document.getElementById('div_ft4.2').style.display = 'none' " >
           [x]</a>
        </div>
        <pre>
        
ft4.2: 
Test Complete

Test Complete
Outlet is no longer in-sequence |  PASSED
Outlet is no longer in-sequence |  PASSED
Outlet is no longer in-sequence |  PASSED
"Currently no outlets in in-seq" message displayed |  PASSED 

Test Complete

::::: Outlet 1 :::::


::::: Outlet 2 :::::

Delay input value is within 1 - 255 |  PASSED

Test Complete
Delay input value is withing 1 - 255 |  PASSED
All visible outlets turned on |  PASSED

Test Complete

Test Complete

Test Complete

::::: Outlet 1 :::::

Input value is between 1 - 999 |  PASSED
Are you sure.. message appeared |  PASSED
Traceback (most recent call last):
  File "C:\rlnk-select-test-automation\Outlet-RackLink_Tests\Outlets-Test\outlet_cycle_delay.py", line 96, in test_outlet_cycle
    driver.wait_until_clickable("successMsg", ID)
  File "C:\rlnk-select-test-automation\Outlet-RackLink_Tests\Outlets-Test\Utils\selenium_driver.py", line 129, in wait_until_clickable
    element = wait.until(EC.element_to_be_clickable((byType, locator)))
  File "C:\Python27\lib\site-packages\selenium\webdriver\support\wait.py", line 80, in until
    raise TimeoutException(message, screen, stacktrace)
TimeoutException: Message: 



        </pre>
    </div>
    <!--css div popup end-->
    </td>
</tr>

<tr class='passClass'>
    <td>outlet_edit_cancel_func.OutletEditCancel</td>
    <td>1</td>
    <td>1</td>
    <td>0</td>
    <td>0</td>
    <td><a href="javascript:showClassDetail('c5',1)">Detail</a></td>
</tr>

<tr id='pt5.1' class='hiddenRow'>
    <td class='none'><div class='testcase'>test_edit_cancel_btn</div></td>
    <td colspan='5' align='center'>
    <!--css div popup start-->
    <a class="popup_link" onfocus='this.blur();' href="javascript:showTestDetail('div_pt5.1')" >
        pass</a>
    <div id='div_pt5.1' class="popup_window">
        <div style='text-align: right; color:red;cursor:pointer'>
        <a onfocus='this.blur();' onclick="document.getElementById('div_pt5.1').style.display = 'none' " >
           [x]</a>
        </div>
        <pre>
        
pt5.1: 
Test Complete

Test Complete
Outlet is no longer in-sequence |  PASSED
Outlet is no longer in-sequence |  PASSED
Outlet is no longer in-sequence |  PASSED
"Currently no outlets in in-seq" message displayed |  PASSED 

Test Complete

::::: Outlet 1 :::::


::::: Outlet 2 :::::

Delay input value is within 1 - 255 |  PASSED

Test Complete
Delay input value is withing 1 - 255 |  PASSED
All visible outlets turned on |  PASSED

Test Complete

Test Complete

Test Complete

::::: Outlet 1 :::::

Input value is between 1 - 999 |  PASSED
Are you sure.. message appeared |  PASSED

::::: Outlet 1 :::::

Outlet expands into edit mode | PASSED
Outlet shrunk out of edit mode | PASSED

::::: Outlet 2 :::::

Outlet expands into edit mode | PASSED
Outlet shrunk out of edit mode | PASSED

::::: Outlet 3 :::::

Outlet expands into edit mode | PASSED
Outlet shrunk out of edit mode | PASSED

::::: Outlet 4 :::::

Outlet expands into edit mode | PASSED
Outlet shrunk out of edit mode | PASSED

Test Complete


        </pre>
    </div>
    <!--css div popup end-->
    </td>
</tr>

<tr class='passClass'>
    <td>outlet_ip_address_to_ping.OutletIpAddressPing</td>
    <td>1</td>
    <td>1</td>
    <td>0</td>
    <td>0</td>
    <td><a href="javascript:showClassDetail('c6',1)">Detail</a></td>
</tr>

<tr id='pt6.1' class='hiddenRow'>
    <td class='none'><div class='testcase'>test_ip_address_ping: Asserts that the ip address input value is valid</div></td>
    <td colspan='5' align='center'>
    <!--css div popup start-->
    <a class="popup_link" onfocus='this.blur();' href="javascript:showTestDetail('div_pt6.1')" >
        pass</a>
    <div id='div_pt6.1' class="popup_window">
        <div style='text-align: right; color:red;cursor:pointer'>
        <a onfocus='this.blur();' onclick="document.getElementById('div_pt6.1').style.display = 'none' " >
           [x]</a>
        </div>
        <pre>
        
pt6.1: 
Test Complete

Test Complete
Outlet is no longer in-sequence |  PASSED
Outlet is no longer in-sequence |  PASSED
Outlet is no longer in-sequence |  PASSED
"Currently no outlets in in-seq" message displayed |  PASSED 

Test Complete

::::: Outlet 1 :::::


::::: Outlet 2 :::::

Delay input value is within 1 - 255 |  PASSED

Test Complete
Delay input value is withing 1 - 255 |  PASSED
All visible outlets turned on |  PASSED

Test Complete

Test Complete

Test Complete

::::: Outlet 1 :::::

Input value is between 1 - 999 |  PASSED
Are you sure.. message appeared |  PASSED

::::: Outlet 1 :::::

Outlet expands into edit mode | PASSED
Outlet shrunk out of edit mode | PASSED

::::: Outlet 2 :::::

Outlet expands into edit mode | PASSED
Outlet shrunk out of edit mode | PASSED

::::: Outlet 3 :::::

Outlet expands into edit mode | PASSED
Outlet shrunk out of edit mode | PASSED

::::: Outlet 4 :::::

Outlet expands into edit mode | PASSED
Outlet shrunk out of edit mode | PASSED

Test Complete

::::: Outlet 1 :::::

Testing: 0.8.8.8 | has-error class appeared |   PASSED
Testing: 8.8.8.0 | has-error class appeared |   PASSED
Testing: 255.8.8.8 | has-error class appeared |   PASSED
Testing: 20.255.90 | has-error class appeared |   PASSED
Testing: 8.8.8 | has-error class appeared |   PASSED
Testing: 8.8.8.8.8 | has-error class appeared |   PASSED

::::: Outlet 2 :::::

Testing: 0.8.8.8 | has-error class appeared |   PASSED
Testing: 8.8.8.0 | has-error class appeared |   PASSED
Testing: 255.8.8.8 | has-error class appeared |   PASSED
Testing: 20.255.90 | has-error class appeared |   PASSED
Testing: 8.8.8 | has-error class appeared |   PASSED
Testing: 8.8.8.8.8 | has-error class appeared |   PASSED

::::: Outlet 3 :::::

Testing: 0.8.8.8 | has-error class appeared |   PASSED
Testing: 8.8.8.0 | has-error class appeared |   PASSED
Testing: 255.8.8.8 | has-error class appeared |   PASSED
Testing: 20.255.90 | has-error class appeared |   PASSED
Testing: 8.8.8 | has-error class appeared |   PASSED
Testing: 8.8.8.8.8 | has-error class appeared |   PASSED

::::: Outlet 4 :::::

Testing: 0.8.8.8 | has-error class appeared |   PASSED
Testing: 8.8.8.0 | has-error class appeared |   PASSED
Testing: 255.8.8.8 | has-error class appeared |   PASSED
Testing: 20.255.90 | has-error class appeared |   PASSED
Testing: 8.8.8 | has-error class appeared |   PASSED
Testing: 8.8.8.8.8 | has-error class appeared |   PASSED

Test Complete


        </pre>
    </div>
    <!--css div popup end-->
    </td>
</tr>

<tr class='failClass'>
    <td>outlet_retries_test.OutletRetries</td>
    <td>3</td>
    <td>2</td>
    <td>1</td>
    <td>0</td>
    <td><a href="javascript:showClassDetail('c7',3)">Detail</a></td>
</tr>

<tr id='pt7.1' class='hiddenRow'>
    <td class='none'><div class='testcase'>test_verify_notify_msg_250</div></td>
    <td colspan='5' align='center'>
    <!--css div popup start-->
    <a class="popup_link" onfocus='this.blur();' href="javascript:showTestDetail('div_pt7.1')" >
        pass</a>
    <div id='div_pt7.1' class="popup_window">
        <div style='text-align: right; color:red;cursor:pointer'>
        <a onfocus='this.blur();' onclick="document.getElementById('div_pt7.1').style.display = 'none' " >
           [x]</a>
        </div>
        <pre>
        
pt7.1: 
Test Complete

Test Complete
Outlet is no longer in-sequence |  PASSED
Outlet is no longer in-sequence |  PASSED
Outlet is no longer in-sequence |  PASSED
"Currently no outlets in in-seq" message displayed |  PASSED 

Test Complete

::::: Outlet 1 :::::


::::: Outlet 2 :::::

Delay input value is within 1 - 255 |  PASSED

Test Complete
Delay input value is withing 1 - 255 |  PASSED
All visible outlets turned on |  PASSED

Test Complete

Test Complete

Test Complete

::::: Outlet 1 :::::

Input value is between 1 - 999 |  PASSED
Are you sure.. message appeared |  PASSED

::::: Outlet 1 :::::

Outlet expands into edit mode | PASSED
Outlet shrunk out of edit mode | PASSED

::::: Outlet 2 :::::

Outlet expands into edit mode | PASSED
Outlet shrunk out of edit mode | PASSED

::::: Outlet 3 :::::

Outlet expands into edit mode | PASSED
Outlet shrunk out of edit mode | PASSED

::::: Outlet 4 :::::

Outlet expands into edit mode | PASSED
Outlet shrunk out of edit mode | PASSED

Test Complete

::::: Outlet 1 :::::

Testing: 0.8.8.8 | has-error class appeared |   PASSED
Testing: 8.8.8.0 | has-error class appeared |   PASSED
Testing: 255.8.8.8 | has-error class appeared |   PASSED
Testing: 20.255.90 | has-error class appeared |   PASSED
Testing: 8.8.8 | has-error class appeared |   PASSED
Testing: 8.8.8.8.8 | has-error class appeared |   PASSED

::::: Outlet 2 :::::

Testing: 0.8.8.8 | has-error class appeared |   PASSED
Testing: 8.8.8.0 | has-error class appeared |   PASSED
Testing: 255.8.8.8 | has-error class appeared |   PASSED
Testing: 20.255.90 | has-error class appeared |   PASSED
Testing: 8.8.8 | has-error class appeared |   PASSED
Testing: 8.8.8.8.8 | has-error class appeared |   PASSED

::::: Outlet 3 :::::

Testing: 0.8.8.8 | has-error class appeared |   PASSED
Testing: 8.8.8.0 | has-error class appeared |   PASSED
Testing: 255.8.8.8 | has-error class appeared |   PASSED
Testing: 20.255.90 | has-error class appeared |   PASSED
Testing: 8.8.8 | has-error class appeared |   PASSED
Testing: 8.8.8.8.8 | has-error class appeared |   PASSED

::::: Outlet 4 :::::

Testing: 0.8.8.8 | has-error class appeared |   PASSED
Testing: 8.8.8.0 | has-error class appeared |   PASSED
Testing: 255.8.8.8 | has-error class appeared |   PASSED
Testing: 20.255.90 | has-error class appeared |   PASSED
Testing: 8.8.8 | has-error class appeared |   PASSED
Testing: 8.8.8.8.8 | has-error class appeared |   PASSED

Test Complete

Test Complete


        </pre>
    </div>
    <!--css div popup end-->
    </td>
</tr>

<tr id='pt7.2' class='hiddenRow'>
    <td class='none'><div class='testcase'>test_verify_notify_msg_zero</div></td>
    <td colspan='5' align='center'>
    <!--css div popup start-->
    <a class="popup_link" onfocus='this.blur();' href="javascript:showTestDetail('div_pt7.2')" >
        pass</a>
    <div id='div_pt7.2' class="popup_window">
        <div style='text-align: right; color:red;cursor:pointer'>
        <a onfocus='this.blur();' onclick="document.getElementById('div_pt7.2').style.display = 'none' " >
           [x]</a>
        </div>
        <pre>
        
pt7.2: 
Test Complete

Test Complete
Outlet is no longer in-sequence |  PASSED
Outlet is no longer in-sequence |  PASSED
Outlet is no longer in-sequence |  PASSED
"Currently no outlets in in-seq" message displayed |  PASSED 

Test Complete

::::: Outlet 1 :::::


::::: Outlet 2 :::::

Delay input value is within 1 - 255 |  PASSED

Test Complete
Delay input value is withing 1 - 255 |  PASSED
All visible outlets turned on |  PASSED

Test Complete

Test Complete

Test Complete

::::: Outlet 1 :::::

Input value is between 1 - 999 |  PASSED
Are you sure.. message appeared |  PASSED

::::: Outlet 1 :::::

Outlet expands into edit mode | PASSED
Outlet shrunk out of edit mode | PASSED

::::: Outlet 2 :::::

Outlet expands into edit mode | PASSED
Outlet shrunk out of edit mode | PASSED

::::: Outlet 3 :::::

Outlet expands into edit mode | PASSED
Outlet shrunk out of edit mode | PASSED

::::: Outlet 4 :::::

Outlet expands into edit mode | PASSED
Outlet shrunk out of edit mode | PASSED

Test Complete

::::: Outlet 1 :::::

Testing: 0.8.8.8 | has-error class appeared |   PASSED
Testing: 8.8.8.0 | has-error class appeared |   PASSED
Testing: 255.8.8.8 | has-error class appeared |   PASSED
Testing: 20.255.90 | has-error class appeared |   PASSED
Testing: 8.8.8 | has-error class appeared |   PASSED
Testing: 8.8.8.8.8 | has-error class appeared |   PASSED

::::: Outlet 2 :::::

Testing: 0.8.8.8 | has-error class appeared |   PASSED
Testing: 8.8.8.0 | has-error class appeared |   PASSED
Testing: 255.8.8.8 | has-error class appeared |   PASSED
Testing: 20.255.90 | has-error class appeared |   PASSED
Testing: 8.8.8 | has-error class appeared |   PASSED
Testing: 8.8.8.8.8 | has-error class appeared |   PASSED

::::: Outlet 3 :::::

Testing: 0.8.8.8 | has-error class appeared |   PASSED
Testing: 8.8.8.0 | has-error class appeared |   PASSED
Testing: 255.8.8.8 | has-error class appeared |   PASSED
Testing: 20.255.90 | has-error class appeared |   PASSED
Testing: 8.8.8 | has-error class appeared |   PASSED
Testing: 8.8.8.8.8 | has-error class appeared |   PASSED

::::: Outlet 4 :::::

Testing: 0.8.8.8 | has-error class appeared |   PASSED
Testing: 8.8.8.0 | has-error class appeared |   PASSED
Testing: 255.8.8.8 | has-error class appeared |   PASSED
Testing: 20.255.90 | has-error class appeared |   PASSED
Testing: 8.8.8 | has-error class appeared |   PASSED
Testing: 8.8.8.8.8 | has-error class appeared |   PASSED

Test Complete

Test Complete

Test Complete


        </pre>
    </div>
    <!--css div popup end-->
    </td>
</tr>

<tr id='ft7.3' class='none'>
    <td class='failCase'><div class='testcase'>test_verify_success_msg</div></td>
    <td colspan='5' align='center'>
    <!--css div popup start-->
    <a class="popup_link" onfocus='this.blur();' href="javascript:showTestDetail('div_ft7.3')" >
        fail</a>
    <div id='div_ft7.3' class="popup_window">
        <div style='text-align: right; color:red;cursor:pointer'>
        <a onfocus='this.blur();' onclick="document.getElementById('div_ft7.3').style.display = 'none' " >
           [x]</a>
        </div>
        <pre>
        
ft7.3: 
Test Complete

Test Complete
Outlet is no longer in-sequence |  PASSED
Outlet is no longer in-sequence |  PASSED
Outlet is no longer in-sequence |  PASSED
"Currently no outlets in in-seq" message displayed |  PASSED 

Test Complete

::::: Outlet 1 :::::


::::: Outlet 2 :::::

Delay input value is within 1 - 255 |  PASSED

Test Complete
Delay input value is withing 1 - 255 |  PASSED
All visible outlets turned on |  PASSED

Test Complete

Test Complete

Test Complete

::::: Outlet 1 :::::

Input value is between 1 - 999 |  PASSED
Are you sure.. message appeared |  PASSED

::::: Outlet 1 :::::

Outlet expands into edit mode | PASSED
Outlet shrunk out of edit mode | PASSED

::::: Outlet 2 :::::

Outlet expands into edit mode | PASSED
Outlet shrunk out of edit mode | PASSED

::::: Outlet 3 :::::

Outlet expands into edit mode | PASSED
Outlet shrunk out of edit mode | PASSED

::::: Outlet 4 :::::

Outlet expands into edit mode | PASSED
Outlet shrunk out of edit mode | PASSED

Test Complete

::::: Outlet 1 :::::

Testing: 0.8.8.8 | has-error class appeared |   PASSED
Testing: 8.8.8.0 | has-error class appeared |   PASSED
Testing: 255.8.8.8 | has-error class appeared |   PASSED
Testing: 20.255.90 | has-error class appeared |   PASSED
Testing: 8.8.8 | has-error class appeared |   PASSED
Testing: 8.8.8.8.8 | has-error class appeared |   PASSED

::::: Outlet 2 :::::

Testing: 0.8.8.8 | has-error class appeared |   PASSED
Testing: 8.8.8.0 | has-error class appeared |   PASSED
Testing: 255.8.8.8 | has-error class appeared |   PASSED
Testing: 20.255.90 | has-error class appeared |   PASSED
Testing: 8.8.8 | has-error class appeared |   PASSED
Testing: 8.8.8.8.8 | has-error class appeared |   PASSED

::::: Outlet 3 :::::

Testing: 0.8.8.8 | has-error class appeared |   PASSED
Testing: 8.8.8.0 | has-error class appeared |   PASSED
Testing: 255.8.8.8 | has-error class appeared |   PASSED
Testing: 20.255.90 | has-error class appeared |   PASSED
Testing: 8.8.8 | has-error class appeared |   PASSED
Testing: 8.8.8.8.8 | has-error class appeared |   PASSED

::::: Outlet 4 :::::

Testing: 0.8.8.8 | has-error class appeared |   PASSED
Testing: 8.8.8.0 | has-error class appeared |   PASSED
Testing: 255.8.8.8 | has-error class appeared |   PASSED
Testing: 20.255.90 | has-error class appeared |   PASSED
Testing: 8.8.8 | has-error class appeared |   PASSED
Testing: 8.8.8.8.8 | has-error class appeared |   PASSED

Test Complete

Test Complete

Test Complete
Traceback (most recent call last):
  File "C:\rlnk-select-test-automation\Outlet-RackLink_Tests\Outlets-Test\outlet_retries_test.py", line 63, in test_verify_success_msg
    assert self.is_hidden_string(success_msg()) == False
AssertionError


        </pre>
    </div>
    <!--css div popup end-->
    </td>
</tr>

<tr class='errorClass'>
    <td>outlet_frequency_test.OutletFrequency</td>
    <td>2</td>
    <td>1</td>
    <td>0</td>
    <td>1</td>
    <td><a href="javascript:showClassDetail('c8',2)">Detail</a></td>
</tr>

<tr id='pt8.1' class='hiddenRow'>
    <td class='none'><div class='testcase'>test_frequency_success_msg</div></td>
    <td colspan='5' align='center'>
    <!--css div popup start-->
    <a class="popup_link" onfocus='this.blur();' href="javascript:showTestDetail('div_pt8.1')" >
        pass</a>
    <div id='div_pt8.1' class="popup_window">
        <div style='text-align: right; color:red;cursor:pointer'>
        <a onfocus='this.blur();' onclick="document.getElementById('div_pt8.1').style.display = 'none' " >
           [x]</a>
        </div>
        <pre>
        
pt8.1: 
Test Complete

Test Complete
Outlet is no longer in-sequence |  PASSED
Outlet is no longer in-sequence |  PASSED
Outlet is no longer in-sequence |  PASSED
"Currently no outlets in in-seq" message displayed |  PASSED 

Test Complete

::::: Outlet 1 :::::


::::: Outlet 2 :::::

Delay input value is within 1 - 255 |  PASSED

Test Complete
Delay input value is withing 1 - 255 |  PASSED
All visible outlets turned on |  PASSED

Test Complete

Test Complete

Test Complete

::::: Outlet 1 :::::

Input value is between 1 - 999 |  PASSED
Are you sure.. message appeared |  PASSED

::::: Outlet 1 :::::

Outlet expands into edit mode | PASSED
Outlet shrunk out of edit mode | PASSED

::::: Outlet 2 :::::

Outlet expands into edit mode | PASSED
Outlet shrunk out of edit mode | PASSED

::::: Outlet 3 :::::

Outlet expands into edit mode | PASSED
Outlet shrunk out of edit mode | PASSED

::::: Outlet 4 :::::

Outlet expands into edit mode | PASSED
Outlet shrunk out of edit mode | PASSED

Test Complete

::::: Outlet 1 :::::

Testing: 0.8.8.8 | has-error class appeared |   PASSED
Testing: 8.8.8.0 | has-error class appeared |   PASSED
Testing: 255.8.8.8 | has-error class appeared |   PASSED
Testing: 20.255.90 | has-error class appeared |   PASSED
Testing: 8.8.8 | has-error class appeared |   PASSED
Testing: 8.8.8.8.8 | has-error class appeared |   PASSED

::::: Outlet 2 :::::

Testing: 0.8.8.8 | has-error class appeared |   PASSED
Testing: 8.8.8.0 | has-error class appeared |   PASSED
Testing: 255.8.8.8 | has-error class appeared |   PASSED
Testing: 20.255.90 | has-error class appeared |   PASSED
Testing: 8.8.8 | has-error class appeared |   PASSED
Testing: 8.8.8.8.8 | has-error class appeared |   PASSED

::::: Outlet 3 :::::

Testing: 0.8.8.8 | has-error class appeared |   PASSED
Testing: 8.8.8.0 | has-error class appeared |   PASSED
Testing: 255.8.8.8 | has-error class appeared |   PASSED
Testing: 20.255.90 | has-error class appeared |   PASSED
Testing: 8.8.8 | has-error class appeared |   PASSED
Testing: 8.8.8.8.8 | has-error class appeared |   PASSED

::::: Outlet 4 :::::

Testing: 0.8.8.8 | has-error class appeared |   PASSED
Testing: 8.8.8.0 | has-error class appeared |   PASSED
Testing: 255.8.8.8 | has-error class appeared |   PASSED
Testing: 20.255.90 | has-error class appeared |   PASSED
Testing: 8.8.8 | has-error class appeared |   PASSED
Testing: 8.8.8.8.8 | has-error class appeared |   PASSED

Test Complete

Test Complete

Test Complete

::::: Outlet 1 :::::

twostate apEnable state1
Success message appeared |  PASSED
Outlet has shrunk out of edit mode | PASSED

::::: Outlet 2 :::::

twostate apEnable state1
Success message appeared |  PASSED
Outlet has shrunk out of edit mode | PASSED

::::: Outlet 3 :::::

twostate apEnable state1
Success message appeared |  PASSED
Outlet has shrunk out of edit mode | PASSED

::::: Outlet 4 :::::

twostate apEnable state1
Success message appeared |  PASSED
Outlet has shrunk out of edit mode | PASSED

Test Complete


        </pre>
    </div>
    <!--css div popup end-->
    </td>
</tr>

<tr id='ft8.2' class='none'>
    <td class='errorCase'><div class='testcase'>test_frequency_zero_input</div></td>
    <td colspan='5' align='center'>
    <!--css div popup start-->
    <a class="popup_link" onfocus='this.blur();' href="javascript:showTestDetail('div_ft8.2')" >
        error</a>
    <div id='div_ft8.2' class="popup_window">
        <div style='text-align: right; color:red;cursor:pointer'>
        <a onfocus='this.blur();' onclick="document.getElementById('div_ft8.2').style.display = 'none' " >
           [x]</a>
        </div>
        <pre>
        
ft8.2: 
Test Complete

Test Complete
Outlet is no longer in-sequence |  PASSED
Outlet is no longer in-sequence |  PASSED
Outlet is no longer in-sequence |  PASSED
"Currently no outlets in in-seq" message displayed |  PASSED 

Test Complete

::::: Outlet 1 :::::


::::: Outlet 2 :::::

Delay input value is within 1 - 255 |  PASSED

Test Complete
Delay input value is withing 1 - 255 |  PASSED
All visible outlets turned on |  PASSED

Test Complete

Test Complete

Test Complete

::::: Outlet 1 :::::

Input value is between 1 - 999 |  PASSED
Are you sure.. message appeared |  PASSED

::::: Outlet 1 :::::

Outlet expands into edit mode | PASSED
Outlet shrunk out of edit mode | PASSED

::::: Outlet 2 :::::

Outlet expands into edit mode | PASSED
Outlet shrunk out of edit mode | PASSED

::::: Outlet 3 :::::

Outlet expands into edit mode | PASSED
Outlet shrunk out of edit mode | PASSED

::::: Outlet 4 :::::

Outlet expands into edit mode | PASSED
Outlet shrunk out of edit mode | PASSED

Test Complete

::::: Outlet 1 :::::

Testing: 0.8.8.8 | has-error class appeared |   PASSED
Testing: 8.8.8.0 | has-error class appeared |   PASSED
Testing: 255.8.8.8 | has-error class appeared |   PASSED
Testing: 20.255.90 | has-error class appeared |   PASSED
Testing: 8.8.8 | has-error class appeared |   PASSED
Testing: 8.8.8.8.8 | has-error class appeared |   PASSED

::::: Outlet 2 :::::

Testing: 0.8.8.8 | has-error class appeared |   PASSED
Testing: 8.8.8.0 | has-error class appeared |   PASSED
Testing: 255.8.8.8 | has-error class appeared |   PASSED
Testing: 20.255.90 | has-error class appeared |   PASSED
Testing: 8.8.8 | has-error class appeared |   PASSED
Testing: 8.8.8.8.8 | has-error class appeared |   PASSED

::::: Outlet 3 :::::

Testing: 0.8.8.8 | has-error class appeared |   PASSED
Testing: 8.8.8.0 | has-error class appeared |   PASSED
Testing: 255.8.8.8 | has-error class appeared |   PASSED
Testing: 20.255.90 | has-error class appeared |   PASSED
Testing: 8.8.8 | has-error class appeared |   PASSED
Testing: 8.8.8.8.8 | has-error class appeared |   PASSED

::::: Outlet 4 :::::

Testing: 0.8.8.8 | has-error class appeared |   PASSED
Testing: 8.8.8.0 | has-error class appeared |   PASSED
Testing: 255.8.8.8 | has-error class appeared |   PASSED
Testing: 20.255.90 | has-error class appeared |   PASSED
Testing: 8.8.8 | has-error class appeared |   PASSED
Testing: 8.8.8.8.8 | has-error class appeared |   PASSED

Test Complete

Test Complete

Test Complete

::::: Outlet 1 :::::

twostate apEnable state1
Success message appeared |  PASSED
Outlet has shrunk out of edit mode | PASSED

::::: Outlet 2 :::::

twostate apEnable state1
Success message appeared |  PASSED
Outlet has shrunk out of edit mode | PASSED

::::: Outlet 3 :::::

twostate apEnable state1
Success message appeared |  PASSED
Outlet has shrunk out of edit mode | PASSED

::::: Outlet 4 :::::

twostate apEnable state1
Success message appeared |  PASSED
Outlet has shrunk out of edit mode | PASSED

Test Complete
Traceback (most recent call last):
  File "C:\rlnk-select-test-automation\Outlet-RackLink_Tests\Outlets-Test\outlet_frequency_test.py", line 37, in test_frequency_zero_input
    driver.send_input(ip_addr_ping, XPATH, "8.8.8.8")
  File "C:\rlnk-select-test-automation\Outlet-RackLink_Tests\Outlets-Test\Utils\selenium_driver.py", line 244, in send_input
    self.wait_for_visibility(locator, locatorType)
  File "C:\rlnk-select-test-automation\Outlet-RackLink_Tests\Outlets-Test\Utils\selenium_driver.py", line 150, in wait_for_visibility
    element = wait.until(EC.visibility_of_element_located((byType, locator)))
  File "C:\Python27\lib\site-packages\selenium\webdriver\support\wait.py", line 80, in until
    raise TimeoutException(message, screen, stacktrace)
TimeoutException: Message: 



        </pre>
    </div>
    <!--css div popup end-->
    </td>
</tr>

<tr class='passClass'>
    <td>outlet_powerstate_change.OutletPowerState</td>
    <td>3</td>
    <td>3</td>
    <td>0</td>
    <td>0</td>
    <td><a href="javascript:showClassDetail('c9',3)">Detail</a></td>
</tr>

<tr id='pt9.1' class='hiddenRow'>
    <td class='none'><div class='testcase'>test_power_state_btn_notify_msg</div></td>
    <td colspan='5' align='center'>
    <!--css div popup start-->
    <a class="popup_link" onfocus='this.blur();' href="javascript:showTestDetail('div_pt9.1')" >
        pass</a>
    <div id='div_pt9.1' class="popup_window">
        <div style='text-align: right; color:red;cursor:pointer'>
        <a onfocus='this.blur();' onclick="document.getElementById('div_pt9.1').style.display = 'none' " >
           [x]</a>
        </div>
        <pre>
        
pt9.1: 
Test Complete

Test Complete
Outlet is no longer in-sequence |  PASSED
Outlet is no longer in-sequence |  PASSED
Outlet is no longer in-sequence |  PASSED
"Currently no outlets in in-seq" message displayed |  PASSED 

Test Complete

::::: Outlet 1 :::::


::::: Outlet 2 :::::

Delay input value is within 1 - 255 |  PASSED

Test Complete
Delay input value is withing 1 - 255 |  PASSED
All visible outlets turned on |  PASSED

Test Complete

Test Complete

Test Complete

::::: Outlet 1 :::::

Input value is between 1 - 999 |  PASSED
Are you sure.. message appeared |  PASSED

::::: Outlet 1 :::::

Outlet expands into edit mode | PASSED
Outlet shrunk out of edit mode | PASSED

::::: Outlet 2 :::::

Outlet expands into edit mode | PASSED
Outlet shrunk out of edit mode | PASSED

::::: Outlet 3 :::::

Outlet expands into edit mode | PASSED
Outlet shrunk out of edit mode | PASSED

::::: Outlet 4 :::::

Outlet expands into edit mode | PASSED
Outlet shrunk out of edit mode | PASSED

Test Complete

::::: Outlet 1 :::::

Testing: 0.8.8.8 | has-error class appeared |   PASSED
Testing: 8.8.8.0 | has-error class appeared |   PASSED
Testing: 255.8.8.8 | has-error class appeared |   PASSED
Testing: 20.255.90 | has-error class appeared |   PASSED
Testing: 8.8.8 | has-error class appeared |   PASSED
Testing: 8.8.8.8.8 | has-error class appeared |   PASSED

::::: Outlet 2 :::::

Testing: 0.8.8.8 | has-error class appeared |   PASSED
Testing: 8.8.8.0 | has-error class appeared |   PASSED
Testing: 255.8.8.8 | has-error class appeared |   PASSED
Testing: 20.255.90 | has-error class appeared |   PASSED
Testing: 8.8.8 | has-error class appeared |   PASSED
Testing: 8.8.8.8.8 | has-error class appeared |   PASSED

::::: Outlet 3 :::::

Testing: 0.8.8.8 | has-error class appeared |   PASSED
Testing: 8.8.8.0 | has-error class appeared |   PASSED
Testing: 255.8.8.8 | has-error class appeared |   PASSED
Testing: 20.255.90 | has-error class appeared |   PASSED
Testing: 8.8.8 | has-error class appeared |   PASSED
Testing: 8.8.8.8.8 | has-error class appeared |   PASSED

::::: Outlet 4 :::::

Testing: 0.8.8.8 | has-error class appeared |   PASSED
Testing: 8.8.8.0 | has-error class appeared |   PASSED
Testing: 255.8.8.8 | has-error class appeared |   PASSED
Testing: 20.255.90 | has-error class appeared |   PASSED
Testing: 8.8.8 | has-error class appeared |   PASSED
Testing: 8.8.8.8.8 | has-error class appeared |   PASSED

Test Complete

Test Complete

Test Complete

::::: Outlet 1 :::::

twostate apEnable state1
Success message appeared |  PASSED
Outlet has shrunk out of edit mode | PASSED

::::: Outlet 2 :::::

twostate apEnable state1
Success message appeared |  PASSED
Outlet has shrunk out of edit mode | PASSED

::::: Outlet 3 :::::

twostate apEnable state1
Success message appeared |  PASSED
Outlet has shrunk out of edit mode | PASSED

::::: Outlet 4 :::::

twostate apEnable state1
Success message appeared |  PASSED
Outlet has shrunk out of edit mode | PASSED

Test Complete

Test Complete


        </pre>
    </div>
    <!--css div popup end-->
    </td>
</tr>

<tr id='pt9.2' class='hiddenRow'>
    <td class='none'><div class='testcase'>test_power_state_verify_changed</div></td>
    <td colspan='5' align='center'>
    <!--css div popup start-->
    <a class="popup_link" onfocus='this.blur();' href="javascript:showTestDetail('div_pt9.2')" >
        pass</a>
    <div id='div_pt9.2' class="popup_window">
        <div style='text-align: right; color:red;cursor:pointer'>
        <a onfocus='this.blur();' onclick="document.getElementById('div_pt9.2').style.display = 'none' " >
           [x]</a>
        </div>
        <pre>
        
pt9.2: 
Test Complete

Test Complete
Outlet is no longer in-sequence |  PASSED
Outlet is no longer in-sequence |  PASSED
Outlet is no longer in-sequence |  PASSED
"Currently no outlets in in-seq" message displayed |  PASSED 

Test Complete

::::: Outlet 1 :::::


::::: Outlet 2 :::::

Delay input value is within 1 - 255 |  PASSED

Test Complete
Delay input value is withing 1 - 255 |  PASSED
All visible outlets turned on |  PASSED

Test Complete

Test Complete

Test Complete

::::: Outlet 1 :::::

Input value is between 1 - 999 |  PASSED
Are you sure.. message appeared |  PASSED

::::: Outlet 1 :::::

Outlet expands into edit mode | PASSED
Outlet shrunk out of edit mode | PASSED

::::: Outlet 2 :::::

Outlet expands into edit mode | PASSED
Outlet shrunk out of edit mode | PASSED

::::: Outlet 3 :::::

Outlet expands into edit mode | PASSED
Outlet shrunk out of edit mode | PASSED

::::: Outlet 4 :::::

Outlet expands into edit mode | PASSED
Outlet shrunk out of edit mode | PASSED

Test Complete

::::: Outlet 1 :::::

Testing: 0.8.8.8 | has-error class appeared |   PASSED
Testing: 8.8.8.0 | has-error class appeared |   PASSED
Testing: 255.8.8.8 | has-error class appeared |   PASSED
Testing: 20.255.90 | has-error class appeared |   PASSED
Testing: 8.8.8 | has-error class appeared |   PASSED
Testing: 8.8.8.8.8 | has-error class appeared |   PASSED

::::: Outlet 2 :::::

Testing: 0.8.8.8 | has-error class appeared |   PASSED
Testing: 8.8.8.0 | has-error class appeared |   PASSED
Testing: 255.8.8.8 | has-error class appeared |   PASSED
Testing: 20.255.90 | has-error class appeared |   PASSED
Testing: 8.8.8 | has-error class appeared |   PASSED
Testing: 8.8.8.8.8 | has-error class appeared |   PASSED

::::: Outlet 3 :::::

Testing: 0.8.8.8 | has-error class appeared |   PASSED
Testing: 8.8.8.0 | has-error class appeared |   PASSED
Testing: 255.8.8.8 | has-error class appeared |   PASSED
Testing: 20.255.90 | has-error class appeared |   PASSED
Testing: 8.8.8 | has-error class appeared |   PASSED
Testing: 8.8.8.8.8 | has-error class appeared |   PASSED

::::: Outlet 4 :::::

Testing: 0.8.8.8 | has-error class appeared |   PASSED
Testing: 8.8.8.0 | has-error class appeared |   PASSED
Testing: 255.8.8.8 | has-error class appeared |   PASSED
Testing: 20.255.90 | has-error class appeared |   PASSED
Testing: 8.8.8 | has-error class appeared |   PASSED
Testing: 8.8.8.8.8 | has-error class appeared |   PASSED

Test Complete

Test Complete

Test Complete

::::: Outlet 1 :::::

twostate apEnable state1
Success message appeared |  PASSED
Outlet has shrunk out of edit mode | PASSED

::::: Outlet 2 :::::

twostate apEnable state1
Success message appeared |  PASSED
Outlet has shrunk out of edit mode | PASSED

::::: Outlet 3 :::::

twostate apEnable state1
Success message appeared |  PASSED
Outlet has shrunk out of edit mode | PASSED

::::: Outlet 4 :::::

twostate apEnable state1
Success message appeared |  PASSED
Outlet has shrunk out of edit mode | PASSED

Test Complete

Test Complete

Test Complete


        </pre>
    </div>
    <!--css div popup end-->
    </td>
</tr>

<tr id='pt9.3' class='hiddenRow'>
    <td class='none'><div class='testcase'>test_power_state_verify_not_changed</div></td>
    <td colspan='5' align='center'>
    <!--css div popup start-->
    <a class="popup_link" onfocus='this.blur();' href="javascript:showTestDetail('div_pt9.3')" >
        pass</a>
    <div id='div_pt9.3' class="popup_window">
        <div style='text-align: right; color:red;cursor:pointer'>
        <a onfocus='this.blur();' onclick="document.getElementById('div_pt9.3').style.display = 'none' " >
           [x]</a>
        </div>
        <pre>
        
pt9.3: 
Test Complete

Test Complete
Outlet is no longer in-sequence |  PASSED
Outlet is no longer in-sequence |  PASSED
Outlet is no longer in-sequence |  PASSED
"Currently no outlets in in-seq" message displayed |  PASSED 

Test Complete

::::: Outlet 1 :::::


::::: Outlet 2 :::::

Delay input value is within 1 - 255 |  PASSED

Test Complete
Delay input value is withing 1 - 255 |  PASSED
All visible outlets turned on |  PASSED

Test Complete

Test Complete

Test Complete

::::: Outlet 1 :::::

Input value is between 1 - 999 |  PASSED
Are you sure.. message appeared |  PASSED

::::: Outlet 1 :::::

Outlet expands into edit mode | PASSED
Outlet shrunk out of edit mode | PASSED

::::: Outlet 2 :::::

Outlet expands into edit mode | PASSED
Outlet shrunk out of edit mode | PASSED

::::: Outlet 3 :::::

Outlet expands into edit mode | PASSED
Outlet shrunk out of edit mode | PASSED

::::: Outlet 4 :::::

Outlet expands into edit mode | PASSED
Outlet shrunk out of edit mode | PASSED

Test Complete

::::: Outlet 1 :::::

Testing: 0.8.8.8 | has-error class appeared |   PASSED
Testing: 8.8.8.0 | has-error class appeared |   PASSED
Testing: 255.8.8.8 | has-error class appeared |   PASSED
Testing: 20.255.90 | has-error class appeared |   PASSED
Testing: 8.8.8 | has-error class appeared |   PASSED
Testing: 8.8.8.8.8 | has-error class appeared |   PASSED

::::: Outlet 2 :::::

Testing: 0.8.8.8 | has-error class appeared |   PASSED
Testing: 8.8.8.0 | has-error class appeared |   PASSED
Testing: 255.8.8.8 | has-error class appeared |   PASSED
Testing: 20.255.90 | has-error class appeared |   PASSED
Testing: 8.8.8 | has-error class appeared |   PASSED
Testing: 8.8.8.8.8 | has-error class appeared |   PASSED

::::: Outlet 3 :::::

Testing: 0.8.8.8 | has-error class appeared |   PASSED
Testing: 8.8.8.0 | has-error class appeared |   PASSED
Testing: 255.8.8.8 | has-error class appeared |   PASSED
Testing: 20.255.90 | has-error class appeared |   PASSED
Testing: 8.8.8 | has-error class appeared |   PASSED
Testing: 8.8.8.8.8 | has-error class appeared |   PASSED

::::: Outlet 4 :::::

Testing: 0.8.8.8 | has-error class appeared |   PASSED
Testing: 8.8.8.0 | has-error class appeared |   PASSED
Testing: 255.8.8.8 | has-error class appeared |   PASSED
Testing: 20.255.90 | has-error class appeared |   PASSED
Testing: 8.8.8 | has-error class appeared |   PASSED
Testing: 8.8.8.8.8 | has-error class appeared |   PASSED

Test Complete

Test Complete

Test Complete

::::: Outlet 1 :::::

twostate apEnable state1
Success message appeared |  PASSED
Outlet has shrunk out of edit mode | PASSED

::::: Outlet 2 :::::

twostate apEnable state1
Success message appeared |  PASSED
Outlet has shrunk out of edit mode | PASSED

::::: Outlet 3 :::::

twostate apEnable state1
Success message appeared |  PASSED
Outlet has shrunk out of edit mode | PASSED

::::: Outlet 4 :::::

twostate apEnable state1
Success message appeared |  PASSED
Outlet has shrunk out of edit mode | PASSED

Test Complete

Test Complete

Test Complete
Power state has not changed |  PASSED
Power state has not changed |  PASSED
Power state has not changed |  PASSED
Power state has not changed |  PASSED

Test Complete


        </pre>
    </div>
    <!--css div popup end-->
    </td>
</tr>

<tr class='errorClass'>
    <td>outlet_recovery_action.OutletRecoveryAction</td>
    <td>6</td>
    <td>4</td>
    <td>0</td>
    <td>2</td>
    <td><a href="javascript:showClassDetail('c10',6)">Detail</a></td>
</tr>

<tr id='pt10.1' class='hiddenRow'>
    <td class='none'><div class='testcase'>test_power_cycle_once</div></td>
    <td colspan='5' align='center'>
    <!--css div popup start-->
    <a class="popup_link" onfocus='this.blur();' href="javascript:showTestDetail('div_pt10.1')" >
        pass</a>
    <div id='div_pt10.1' class="popup_window">
        <div style='text-align: right; color:red;cursor:pointer'>
        <a onfocus='this.blur();' onclick="document.getElementById('div_pt10.1').style.display = 'none' " >
           [x]</a>
        </div>
        <pre>
        
pt10.1: 
Test Complete

Test Complete
Outlet is no longer in-sequence |  PASSED
Outlet is no longer in-sequence |  PASSED
Outlet is no longer in-sequence |  PASSED
"Currently no outlets in in-seq" message displayed |  PASSED 

Test Complete

::::: Outlet 1 :::::


::::: Outlet 2 :::::

Delay input value is within 1 - 255 |  PASSED

Test Complete
Delay input value is withing 1 - 255 |  PASSED
All visible outlets turned on |  PASSED

Test Complete

Test Complete

Test Complete

::::: Outlet 1 :::::

Input value is between 1 - 999 |  PASSED
Are you sure.. message appeared |  PASSED

::::: Outlet 1 :::::

Outlet expands into edit mode | PASSED
Outlet shrunk out of edit mode | PASSED

::::: Outlet 2 :::::

Outlet expands into edit mode | PASSED
Outlet shrunk out of edit mode | PASSED

::::: Outlet 3 :::::

Outlet expands into edit mode | PASSED
Outlet shrunk out of edit mode | PASSED

::::: Outlet 4 :::::

Outlet expands into edit mode | PASSED
Outlet shrunk out of edit mode | PASSED

Test Complete

::::: Outlet 1 :::::

Testing: 0.8.8.8 | has-error class appeared |   PASSED
Testing: 8.8.8.0 | has-error class appeared |   PASSED
Testing: 255.8.8.8 | has-error class appeared |   PASSED
Testing: 20.255.90 | has-error class appeared |   PASSED
Testing: 8.8.8 | has-error class appeared |   PASSED
Testing: 8.8.8.8.8 | has-error class appeared |   PASSED

::::: Outlet 2 :::::

Testing: 0.8.8.8 | has-error class appeared |   PASSED
Testing: 8.8.8.0 | has-error class appeared |   PASSED
Testing: 255.8.8.8 | has-error class appeared |   PASSED
Testing: 20.255.90 | has-error class appeared |   PASSED
Testing: 8.8.8 | has-error class appeared |   PASSED
Testing: 8.8.8.8.8 | has-error class appeared |   PASSED

::::: Outlet 3 :::::

Testing: 0.8.8.8 | has-error class appeared |   PASSED
Testing: 8.8.8.0 | has-error class appeared |   PASSED
Testing: 255.8.8.8 | has-error class appeared |   PASSED
Testing: 20.255.90 | has-error class appeared |   PASSED
Testing: 8.8.8 | has-error class appeared |   PASSED
Testing: 8.8.8.8.8 | has-error class appeared |   PASSED

::::: Outlet 4 :::::

Testing: 0.8.8.8 | has-error class appeared |   PASSED
Testing: 8.8.8.0 | has-error class appeared |   PASSED
Testing: 255.8.8.8 | has-error class appeared |   PASSED
Testing: 20.255.90 | has-error class appeared |   PASSED
Testing: 8.8.8 | has-error class appeared |   PASSED
Testing: 8.8.8.8.8 | has-error class appeared |   PASSED

Test Complete

Test Complete

Test Complete

::::: Outlet 1 :::::

twostate apEnable state1
Success message appeared |  PASSED
Outlet has shrunk out of edit mode | PASSED

::::: Outlet 2 :::::

twostate apEnable state1
Success message appeared |  PASSED
Outlet has shrunk out of edit mode | PASSED

::::: Outlet 3 :::::

twostate apEnable state1
Success message appeared |  PASSED
Outlet has shrunk out of edit mode | PASSED

::::: Outlet 4 :::::

twostate apEnable state1
Success message appeared |  PASSED
Outlet has shrunk out of edit mode | PASSED

Test Complete

Test Complete

Test Complete
Power state has not changed |  PASSED
Power state has not changed |  PASSED
Power state has not changed |  PASSED
Power state has not changed |  PASSED

Test Complete
Test case function: (test_power_cycle_once)

::::: Outlet 1 :::::

AutoPing Failed
AutoPing Replied

::::: Outlet 2 :::::

AutoPing Failed
AutoPing Replied

::::: Outlet 3 :::::

AutoPing Failed
AutoPing Replied

::::: Outlet 4 :::::

AutoPing Failed
AutoPing Replied

Test Complete


        </pre>
    </div>
    <!--css div popup end-->
    </td>
</tr>

<tr id='ft10.2' class='none'>
    <td class='errorCase'><div class='testcase'>test_power_cycle_until_recovery</div></td>
    <td colspan='5' align='center'>
    <!--css div popup start-->
    <a class="popup_link" onfocus='this.blur();' href="javascript:showTestDetail('div_ft10.2')" >
        error</a>
    <div id='div_ft10.2' class="popup_window">
        <div style='text-align: right; color:red;cursor:pointer'>
        <a onfocus='this.blur();' onclick="document.getElementById('div_ft10.2').style.display = 'none' " >
           [x]</a>
        </div>
        <pre>
        
ft10.2: 
Test Complete

Test Complete
Outlet is no longer in-sequence |  PASSED
Outlet is no longer in-sequence |  PASSED
Outlet is no longer in-sequence |  PASSED
"Currently no outlets in in-seq" message displayed |  PASSED 

Test Complete

::::: Outlet 1 :::::


::::: Outlet 2 :::::

Delay input value is within 1 - 255 |  PASSED

Test Complete
Delay input value is withing 1 - 255 |  PASSED
All visible outlets turned on |  PASSED

Test Complete

Test Complete

Test Complete

::::: Outlet 1 :::::

Input value is between 1 - 999 |  PASSED
Are you sure.. message appeared |  PASSED

::::: Outlet 1 :::::

Outlet expands into edit mode | PASSED
Outlet shrunk out of edit mode | PASSED

::::: Outlet 2 :::::

Outlet expands into edit mode | PASSED
Outlet shrunk out of edit mode | PASSED

::::: Outlet 3 :::::

Outlet expands into edit mode | PASSED
Outlet shrunk out of edit mode | PASSED

::::: Outlet 4 :::::

Outlet expands into edit mode | PASSED
Outlet shrunk out of edit mode | PASSED

Test Complete

::::: Outlet 1 :::::

Testing: 0.8.8.8 | has-error class appeared |   PASSED
Testing: 8.8.8.0 | has-error class appeared |   PASSED
Testing: 255.8.8.8 | has-error class appeared |   PASSED
Testing: 20.255.90 | has-error class appeared |   PASSED
Testing: 8.8.8 | has-error class appeared |   PASSED
Testing: 8.8.8.8.8 | has-error class appeared |   PASSED

::::: Outlet 2 :::::

Testing: 0.8.8.8 | has-error class appeared |   PASSED
Testing: 8.8.8.0 | has-error class appeared |   PASSED
Testing: 255.8.8.8 | has-error class appeared |   PASSED
Testing: 20.255.90 | has-error class appeared |   PASSED
Testing: 8.8.8 | has-error class appeared |   PASSED
Testing: 8.8.8.8.8 | has-error class appeared |   PASSED

::::: Outlet 3 :::::

Testing: 0.8.8.8 | has-error class appeared |   PASSED
Testing: 8.8.8.0 | has-error class appeared |   PASSED
Testing: 255.8.8.8 | has-error class appeared |   PASSED
Testing: 20.255.90 | has-error class appeared |   PASSED
Testing: 8.8.8 | has-error class appeared |   PASSED
Testing: 8.8.8.8.8 | has-error class appeared |   PASSED

::::: Outlet 4 :::::

Testing: 0.8.8.8 | has-error class appeared |   PASSED
Testing: 8.8.8.0 | has-error class appeared |   PASSED
Testing: 255.8.8.8 | has-error class appeared |   PASSED
Testing: 20.255.90 | has-error class appeared |   PASSED
Testing: 8.8.8 | has-error class appeared |   PASSED
Testing: 8.8.8.8.8 | has-error class appeared |   PASSED

Test Complete

Test Complete

Test Complete

::::: Outlet 1 :::::

twostate apEnable state1
Success message appeared |  PASSED
Outlet has shrunk out of edit mode | PASSED

::::: Outlet 2 :::::

twostate apEnable state1
Success message appeared |  PASSED
Outlet has shrunk out of edit mode | PASSED

::::: Outlet 3 :::::

twostate apEnable state1
Success message appeared |  PASSED
Outlet has shrunk out of edit mode | PASSED

::::: Outlet 4 :::::

twostate apEnable state1
Success message appeared |  PASSED
Outlet has shrunk out of edit mode | PASSED

Test Complete

Test Complete

Test Complete
Power state has not changed |  PASSED
Power state has not changed |  PASSED
Power state has not changed |  PASSED
Power state has not changed |  PASSED

Test Complete
Test case function: (test_power_cycle_once)

::::: Outlet 1 :::::

AutoPing Failed
AutoPing Replied

::::: Outlet 2 :::::

AutoPing Failed
AutoPing Replied

::::: Outlet 3 :::::

AutoPing Failed
AutoPing Replied

::::: Outlet 4 :::::

AutoPing Failed
AutoPing Replied

Test Complete

::::: Outlet 1 :::::

AutoPing Failed
AutoPing Replied

::::: Outlet 2 :::::

Traceback (most recent call last):
  File "C:\rlnk-select-test-automation\Outlet-RackLink_Tests\Outlets-Test\outlet_recovery_action.py", line 484, in test_power_cycle_until_recovery
    self.ctrl_device_power()  # turn outlet off in the control device
  File "C:\rlnk-select-test-automation\Outlet-RackLink_Tests\Outlets-Test\outlet_recovery_action.py", line 568, in ctrl_device_power
    ctrlDriver.element_click(outlet3, XPATH)
  File "C:\rlnk-select-test-automation\Outlet-RackLink_Tests\Outlets-Test\Utils\selenium_driver.py", line 71, in element_click
    element.click()
AttributeError: 'bool' object has no attribute 'click'


        </pre>
    </div>
    <!--css div popup end-->
    </td>
</tr>

<tr id='pt10.3' class='hiddenRow'>
    <td class='none'><div class='testcase'>test_power_off</div></td>
    <td colspan='5' align='center'>
    <!--css div popup start-->
    <a class="popup_link" onfocus='this.blur();' href="javascript:showTestDetail('div_pt10.3')" >
        pass</a>
    <div id='div_pt10.3' class="popup_window">
        <div style='text-align: right; color:red;cursor:pointer'>
        <a onfocus='this.blur();' onclick="document.getElementById('div_pt10.3').style.display = 'none' " >
           [x]</a>
        </div>
        <pre>
        
pt10.3: 
Test Complete

Test Complete
Outlet is no longer in-sequence |  PASSED
Outlet is no longer in-sequence |  PASSED
Outlet is no longer in-sequence |  PASSED
"Currently no outlets in in-seq" message displayed |  PASSED 

Test Complete

::::: Outlet 1 :::::


::::: Outlet 2 :::::

Delay input value is within 1 - 255 |  PASSED

Test Complete
Delay input value is withing 1 - 255 |  PASSED
All visible outlets turned on |  PASSED

Test Complete

Test Complete

Test Complete

::::: Outlet 1 :::::

Input value is between 1 - 999 |  PASSED
Are you sure.. message appeared |  PASSED

::::: Outlet 1 :::::

Outlet expands into edit mode | PASSED
Outlet shrunk out of edit mode | PASSED

::::: Outlet 2 :::::

Outlet expands into edit mode | PASSED
Outlet shrunk out of edit mode | PASSED

::::: Outlet 3 :::::

Outlet expands into edit mode | PASSED
Outlet shrunk out of edit mode | PASSED

::::: Outlet 4 :::::

Outlet expands into edit mode | PASSED
Outlet shrunk out of edit mode | PASSED

Test Complete

::::: Outlet 1 :::::

Testing: 0.8.8.8 | has-error class appeared |   PASSED
Testing: 8.8.8.0 | has-error class appeared |   PASSED
Testing: 255.8.8.8 | has-error class appeared |   PASSED
Testing: 20.255.90 | has-error class appeared |   PASSED
Testing: 8.8.8 | has-error class appeared |   PASSED
Testing: 8.8.8.8.8 | has-error class appeared |   PASSED

::::: Outlet 2 :::::

Testing: 0.8.8.8 | has-error class appeared |   PASSED
Testing: 8.8.8.0 | has-error class appeared |   PASSED
Testing: 255.8.8.8 | has-error class appeared |   PASSED
Testing: 20.255.90 | has-error class appeared |   PASSED
Testing: 8.8.8 | has-error class appeared |   PASSED
Testing: 8.8.8.8.8 | has-error class appeared |   PASSED

::::: Outlet 3 :::::

Testing: 0.8.8.8 | has-error class appeared |   PASSED
Testing: 8.8.8.0 | has-error class appeared |   PASSED
Testing: 255.8.8.8 | has-error class appeared |   PASSED
Testing: 20.255.90 | has-error class appeared |   PASSED
Testing: 8.8.8 | has-error class appeared |   PASSED
Testing: 8.8.8.8.8 | has-error class appeared |   PASSED

::::: Outlet 4 :::::

Testing: 0.8.8.8 | has-error class appeared |   PASSED
Testing: 8.8.8.0 | has-error class appeared |   PASSED
Testing: 255.8.8.8 | has-error class appeared |   PASSED
Testing: 20.255.90 | has-error class appeared |   PASSED
Testing: 8.8.8 | has-error class appeared |   PASSED
Testing: 8.8.8.8.8 | has-error class appeared |   PASSED

Test Complete

Test Complete

Test Complete

::::: Outlet 1 :::::

twostate apEnable state1
Success message appeared |  PASSED
Outlet has shrunk out of edit mode | PASSED

::::: Outlet 2 :::::

twostate apEnable state1
Success message appeared |  PASSED
Outlet has shrunk out of edit mode | PASSED

::::: Outlet 3 :::::

twostate apEnable state1
Success message appeared |  PASSED
Outlet has shrunk out of edit mode | PASSED

::::: Outlet 4 :::::

twostate apEnable state1
Success message appeared |  PASSED
Outlet has shrunk out of edit mode | PASSED

Test Complete

Test Complete

Test Complete
Power state has not changed |  PASSED
Power state has not changed |  PASSED
Power state has not changed |  PASSED
Power state has not changed |  PASSED

Test Complete
Test case function: (test_power_cycle_once)

::::: Outlet 1 :::::

AutoPing Failed
AutoPing Replied

::::: Outlet 2 :::::

AutoPing Failed
AutoPing Replied

::::: Outlet 3 :::::

AutoPing Failed
AutoPing Replied

::::: Outlet 4 :::::

AutoPing Failed
AutoPing Replied

Test Complete

::::: Outlet 1 :::::

AutoPing Failed
AutoPing Replied

::::: Outlet 2 :::::


::::: Outlet 1 :::::

AutoPing Failed
AutoPing Replied

::::: Outlet 2 :::::

AutoPing Failed
AutoPing Replied

::::: Outlet 3 :::::

AutoPing Failed
AutoPing Replied

::::: Outlet 4 :::::

AutoPing Failed
AutoPing Replied

Test Complete


        </pre>
    </div>
    <!--css div popup end-->
    </td>
</tr>

<tr id='pt10.4' class='hiddenRow'>
    <td class='none'><div class='testcase'>test_power_off_pending_recovery</div></td>
    <td colspan='5' align='center'>
    <!--css div popup start-->
    <a class="popup_link" onfocus='this.blur();' href="javascript:showTestDetail('div_pt10.4')" >
        pass</a>
    <div id='div_pt10.4' class="popup_window">
        <div style='text-align: right; color:red;cursor:pointer'>
        <a onfocus='this.blur();' onclick="document.getElementById('div_pt10.4').style.display = 'none' " >
           [x]</a>
        </div>
        <pre>
        
pt10.4: 
Test Complete

Test Complete
Outlet is no longer in-sequence |  PASSED
Outlet is no longer in-sequence |  PASSED
Outlet is no longer in-sequence |  PASSED
"Currently no outlets in in-seq" message displayed |  PASSED 

Test Complete

::::: Outlet 1 :::::


::::: Outlet 2 :::::

Delay input value is within 1 - 255 |  PASSED

Test Complete
Delay input value is withing 1 - 255 |  PASSED
All visible outlets turned on |  PASSED

Test Complete

Test Complete

Test Complete

::::: Outlet 1 :::::

Input value is between 1 - 999 |  PASSED
Are you sure.. message appeared |  PASSED

::::: Outlet 1 :::::

Outlet expands into edit mode | PASSED
Outlet shrunk out of edit mode | PASSED

::::: Outlet 2 :::::

Outlet expands into edit mode | PASSED
Outlet shrunk out of edit mode | PASSED

::::: Outlet 3 :::::

Outlet expands into edit mode | PASSED
Outlet shrunk out of edit mode | PASSED

::::: Outlet 4 :::::

Outlet expands into edit mode | PASSED
Outlet shrunk out of edit mode | PASSED

Test Complete

::::: Outlet 1 :::::

Testing: 0.8.8.8 | has-error class appeared |   PASSED
Testing: 8.8.8.0 | has-error class appeared |   PASSED
Testing: 255.8.8.8 | has-error class appeared |   PASSED
Testing: 20.255.90 | has-error class appeared |   PASSED
Testing: 8.8.8 | has-error class appeared |   PASSED
Testing: 8.8.8.8.8 | has-error class appeared |   PASSED

::::: Outlet 2 :::::

Testing: 0.8.8.8 | has-error class appeared |   PASSED
Testing: 8.8.8.0 | has-error class appeared |   PASSED
Testing: 255.8.8.8 | has-error class appeared |   PASSED
Testing: 20.255.90 | has-error class appeared |   PASSED
Testing: 8.8.8 | has-error class appeared |   PASSED
Testing: 8.8.8.8.8 | has-error class appeared |   PASSED

::::: Outlet 3 :::::

Testing: 0.8.8.8 | has-error class appeared |   PASSED
Testing: 8.8.8.0 | has-error class appeared |   PASSED
Testing: 255.8.8.8 | has-error class appeared |   PASSED
Testing: 20.255.90 | has-error class appeared |   PASSED
Testing: 8.8.8 | has-error class appeared |   PASSED
Testing: 8.8.8.8.8 | has-error class appeared |   PASSED

::::: Outlet 4 :::::

Testing: 0.8.8.8 | has-error class appeared |   PASSED
Testing: 8.8.8.0 | has-error class appeared |   PASSED
Testing: 255.8.8.8 | has-error class appeared |   PASSED
Testing: 20.255.90 | has-error class appeared |   PASSED
Testing: 8.8.8 | has-error class appeared |   PASSED
Testing: 8.8.8.8.8 | has-error class appeared |   PASSED

Test Complete

Test Complete

Test Complete

::::: Outlet 1 :::::

twostate apEnable state1
Success message appeared |  PASSED
Outlet has shrunk out of edit mode | PASSED

::::: Outlet 2 :::::

twostate apEnable state1
Success message appeared |  PASSED
Outlet has shrunk out of edit mode | PASSED

::::: Outlet 3 :::::

twostate apEnable state1
Success message appeared |  PASSED
Outlet has shrunk out of edit mode | PASSED

::::: Outlet 4 :::::

twostate apEnable state1
Success message appeared |  PASSED
Outlet has shrunk out of edit mode | PASSED

Test Complete

Test Complete

Test Complete
Power state has not changed |  PASSED
Power state has not changed |  PASSED
Power state has not changed |  PASSED
Power state has not changed |  PASSED

Test Complete
Test case function: (test_power_cycle_once)

::::: Outlet 1 :::::

AutoPing Failed
AutoPing Replied

::::: Outlet 2 :::::

AutoPing Failed
AutoPing Replied

::::: Outlet 3 :::::

AutoPing Failed
AutoPing Replied

::::: Outlet 4 :::::

AutoPing Failed
AutoPing Replied

Test Complete

::::: Outlet 1 :::::

AutoPing Failed
AutoPing Replied

::::: Outlet 2 :::::


::::: Outlet 1 :::::

AutoPing Failed
AutoPing Replied

::::: Outlet 2 :::::

AutoPing Failed
AutoPing Replied

::::: Outlet 3 :::::

AutoPing Failed
AutoPing Replied

::::: Outlet 4 :::::

AutoPing Failed
AutoPing Replied

Test Complete

::::: Outlet 1 :::::

AutoPing Failed
AutoPing Replied

::::: Outlet 2 :::::

AutoPing Failed
AutoPing Replied

::::: Outlet 3 :::::

AutoPing Failed
AutoPing Replied

::::: Outlet 4 :::::

AutoPing Failed
AutoPing Replied

Test Complete


        </pre>
    </div>
    <!--css div popup end-->
    </td>
</tr>

<tr id='pt10.5' class='hiddenRow'>
    <td class='none'><div class='testcase'>test_power_on</div></td>
    <td colspan='5' align='center'>
    <!--css div popup start-->
    <a class="popup_link" onfocus='this.blur();' href="javascript:showTestDetail('div_pt10.5')" >
        pass</a>
    <div id='div_pt10.5' class="popup_window">
        <div style='text-align: right; color:red;cursor:pointer'>
        <a onfocus='this.blur();' onclick="document.getElementById('div_pt10.5').style.display = 'none' " >
           [x]</a>
        </div>
        <pre>
        
pt10.5: 
Test Complete

Test Complete
Outlet is no longer in-sequence |  PASSED
Outlet is no longer in-sequence |  PASSED
Outlet is no longer in-sequence |  PASSED
"Currently no outlets in in-seq" message displayed |  PASSED 

Test Complete

::::: Outlet 1 :::::


::::: Outlet 2 :::::

Delay input value is within 1 - 255 |  PASSED

Test Complete
Delay input value is withing 1 - 255 |  PASSED
All visible outlets turned on |  PASSED

Test Complete

Test Complete

Test Complete

::::: Outlet 1 :::::

Input value is between 1 - 999 |  PASSED
Are you sure.. message appeared |  PASSED

::::: Outlet 1 :::::

Outlet expands into edit mode | PASSED
Outlet shrunk out of edit mode | PASSED

::::: Outlet 2 :::::

Outlet expands into edit mode | PASSED
Outlet shrunk out of edit mode | PASSED

::::: Outlet 3 :::::

Outlet expands into edit mode | PASSED
Outlet shrunk out of edit mode | PASSED

::::: Outlet 4 :::::

Outlet expands into edit mode | PASSED
Outlet shrunk out of edit mode | PASSED

Test Complete

::::: Outlet 1 :::::

Testing: 0.8.8.8 | has-error class appeared |   PASSED
Testing: 8.8.8.0 | has-error class appeared |   PASSED
Testing: 255.8.8.8 | has-error class appeared |   PASSED
Testing: 20.255.90 | has-error class appeared |   PASSED
Testing: 8.8.8 | has-error class appeared |   PASSED
Testing: 8.8.8.8.8 | has-error class appeared |   PASSED

::::: Outlet 2 :::::

Testing: 0.8.8.8 | has-error class appeared |   PASSED
Testing: 8.8.8.0 | has-error class appeared |   PASSED
Testing: 255.8.8.8 | has-error class appeared |   PASSED
Testing: 20.255.90 | has-error class appeared |   PASSED
Testing: 8.8.8 | has-error class appeared |   PASSED
Testing: 8.8.8.8.8 | has-error class appeared |   PASSED

::::: Outlet 3 :::::

Testing: 0.8.8.8 | has-error class appeared |   PASSED
Testing: 8.8.8.0 | has-error class appeared |   PASSED
Testing: 255.8.8.8 | has-error class appeared |   PASSED
Testing: 20.255.90 | has-error class appeared |   PASSED
Testing: 8.8.8 | has-error class appeared |   PASSED
Testing: 8.8.8.8.8 | has-error class appeared |   PASSED

::::: Outlet 4 :::::

Testing: 0.8.8.8 | has-error class appeared |   PASSED
Testing: 8.8.8.0 | has-error class appeared |   PASSED
Testing: 255.8.8.8 | has-error class appeared |   PASSED
Testing: 20.255.90 | has-error class appeared |   PASSED
Testing: 8.8.8 | has-error class appeared |   PASSED
Testing: 8.8.8.8.8 | has-error class appeared |   PASSED

Test Complete

Test Complete

Test Complete

::::: Outlet 1 :::::

twostate apEnable state1
Success message appeared |  PASSED
Outlet has shrunk out of edit mode | PASSED

::::: Outlet 2 :::::

twostate apEnable state1
Success message appeared |  PASSED
Outlet has shrunk out of edit mode | PASSED

::::: Outlet 3 :::::

twostate apEnable state1
Success message appeared |  PASSED
Outlet has shrunk out of edit mode | PASSED

::::: Outlet 4 :::::

twostate apEnable state1
Success message appeared |  PASSED
Outlet has shrunk out of edit mode | PASSED

Test Complete

Test Complete

Test Complete
Power state has not changed |  PASSED
Power state has not changed |  PASSED
Power state has not changed |  PASSED
Power state has not changed |  PASSED

Test Complete
Test case function: (test_power_cycle_once)

::::: Outlet 1 :::::

AutoPing Failed
AutoPing Replied

::::: Outlet 2 :::::

AutoPing Failed
AutoPing Replied

::::: Outlet 3 :::::

AutoPing Failed
AutoPing Replied

::::: Outlet 4 :::::

AutoPing Failed
AutoPing Replied

Test Complete

::::: Outlet 1 :::::

AutoPing Failed
AutoPing Replied

::::: Outlet 2 :::::


::::: Outlet 1 :::::

AutoPing Failed
AutoPing Replied

::::: Outlet 2 :::::

AutoPing Failed
AutoPing Replied

::::: Outlet 3 :::::

AutoPing Failed
AutoPing Replied

::::: Outlet 4 :::::

AutoPing Failed
AutoPing Replied

Test Complete

::::: Outlet 1 :::::

AutoPing Failed
AutoPing Replied

::::: Outlet 2 :::::

AutoPing Failed
AutoPing Replied

::::: Outlet 3 :::::

AutoPing Failed
AutoPing Replied

::::: Outlet 4 :::::

AutoPing Failed
AutoPing Replied

Test Complete

::::: Outlet 1 :::::

AutoPing Failed
AutoPing Replied

::::: Outlet 2 :::::

AutoPing Failed
AutoPing Replied

::::: Outlet 3 :::::

AutoPing Failed
AutoPing Replied

::::: Outlet 4 :::::

AutoPing Failed
AutoPing Replied

Test Complete


        </pre>
    </div>
    <!--css div popup end-->
    </td>
</tr>

<tr id='ft10.6' class='none'>
    <td class='errorCase'><div class='testcase'>test_power_on_pending_recovery</div></td>
    <td colspan='5' align='center'>
    <!--css div popup start-->
    <a class="popup_link" onfocus='this.blur();' href="javascript:showTestDetail('div_ft10.6')" >
        error</a>
    <div id='div_ft10.6' class="popup_window">
        <div style='text-align: right; color:red;cursor:pointer'>
        <a onfocus='this.blur();' onclick="document.getElementById('div_ft10.6').style.display = 'none' " >
           [x]</a>
        </div>
        <pre>
        
ft10.6: 
Test Complete

Test Complete
Outlet is no longer in-sequence |  PASSED
Outlet is no longer in-sequence |  PASSED
Outlet is no longer in-sequence |  PASSED
"Currently no outlets in in-seq" message displayed |  PASSED 

Test Complete

::::: Outlet 1 :::::


::::: Outlet 2 :::::

Delay input value is within 1 - 255 |  PASSED

Test Complete
Delay input value is withing 1 - 255 |  PASSED
All visible outlets turned on |  PASSED

Test Complete

Test Complete

Test Complete

::::: Outlet 1 :::::

Input value is between 1 - 999 |  PASSED
Are you sure.. message appeared |  PASSED

::::: Outlet 1 :::::

Outlet expands into edit mode | PASSED
Outlet shrunk out of edit mode | PASSED

::::: Outlet 2 :::::

Outlet expands into edit mode | PASSED
Outlet shrunk out of edit mode | PASSED

::::: Outlet 3 :::::

Outlet expands into edit mode | PASSED
Outlet shrunk out of edit mode | PASSED

::::: Outlet 4 :::::

Outlet expands into edit mode | PASSED
Outlet shrunk out of edit mode | PASSED

Test Complete

::::: Outlet 1 :::::

Testing: 0.8.8.8 | has-error class appeared |   PASSED
Testing: 8.8.8.0 | has-error class appeared |   PASSED
Testing: 255.8.8.8 | has-error class appeared |   PASSED
Testing: 20.255.90 | has-error class appeared |   PASSED
Testing: 8.8.8 | has-error class appeared |   PASSED
Testing: 8.8.8.8.8 | has-error class appeared |   PASSED

::::: Outlet 2 :::::

Testing: 0.8.8.8 | has-error class appeared |   PASSED
Testing: 8.8.8.0 | has-error class appeared |   PASSED
Testing: 255.8.8.8 | has-error class appeared |   PASSED
Testing: 20.255.90 | has-error class appeared |   PASSED
Testing: 8.8.8 | has-error class appeared |   PASSED
Testing: 8.8.8.8.8 | has-error class appeared |   PASSED

::::: Outlet 3 :::::

Testing: 0.8.8.8 | has-error class appeared |   PASSED
Testing: 8.8.8.0 | has-error class appeared |   PASSED
Testing: 255.8.8.8 | has-error class appeared |   PASSED
Testing: 20.255.90 | has-error class appeared |   PASSED
Testing: 8.8.8 | has-error class appeared |   PASSED
Testing: 8.8.8.8.8 | has-error class appeared |   PASSED

::::: Outlet 4 :::::

Testing: 0.8.8.8 | has-error class appeared |   PASSED
Testing: 8.8.8.0 | has-error class appeared |   PASSED
Testing: 255.8.8.8 | has-error class appeared |   PASSED
Testing: 20.255.90 | has-error class appeared |   PASSED
Testing: 8.8.8 | has-error class appeared |   PASSED
Testing: 8.8.8.8.8 | has-error class appeared |   PASSED

Test Complete

Test Complete

Test Complete

::::: Outlet 1 :::::

twostate apEnable state1
Success message appeared |  PASSED
Outlet has shrunk out of edit mode | PASSED

::::: Outlet 2 :::::

twostate apEnable state1
Success message appeared |  PASSED
Outlet has shrunk out of edit mode | PASSED

::::: Outlet 3 :::::

twostate apEnable state1
Success message appeared |  PASSED
Outlet has shrunk out of edit mode | PASSED

::::: Outlet 4 :::::

twostate apEnable state1
Success message appeared |  PASSED
Outlet has shrunk out of edit mode | PASSED

Test Complete

Test Complete

Test Complete
Power state has not changed |  PASSED
Power state has not changed |  PASSED
Power state has not changed |  PASSED
Power state has not changed |  PASSED

Test Complete
Test case function: (test_power_cycle_once)

::::: Outlet 1 :::::

AutoPing Failed
AutoPing Replied

::::: Outlet 2 :::::

AutoPing Failed
AutoPing Replied

::::: Outlet 3 :::::

AutoPing Failed
AutoPing Replied

::::: Outlet 4 :::::

AutoPing Failed
AutoPing Replied

Test Complete

::::: Outlet 1 :::::

AutoPing Failed
AutoPing Replied

::::: Outlet 2 :::::


::::: Outlet 1 :::::

AutoPing Failed
AutoPing Replied

::::: Outlet 2 :::::

AutoPing Failed
AutoPing Replied

::::: Outlet 3 :::::

AutoPing Failed
AutoPing Replied

::::: Outlet 4 :::::

AutoPing Failed
AutoPing Replied

Test Complete

::::: Outlet 1 :::::

AutoPing Failed
AutoPing Replied

::::: Outlet 2 :::::

AutoPing Failed
AutoPing Replied

::::: Outlet 3 :::::

AutoPing Failed
AutoPing Replied

::::: Outlet 4 :::::

AutoPing Failed
AutoPing Replied

Test Complete

::::: Outlet 1 :::::

AutoPing Failed
AutoPing Replied

::::: Outlet 2 :::::

AutoPing Failed
AutoPing Replied

::::: Outlet 3 :::::

AutoPing Failed
AutoPing Replied

::::: Outlet 4 :::::

AutoPing Failed
AutoPing Replied

Test Complete

::::: Outlet 1 :::::

AutoPing Failed
AutoPing Replied

::::: Outlet 2 :::::

AutoPing Failed
AutoPing Replied

::::: Outlet 3 :::::

AutoPing Failed
AutoPing Replied

::::: Outlet 4 :::::

AutoPing Failed
AutoPing Replied
Traceback (most recent call last):
  File "C:\rlnk-select-test-automation\Outlet-RackLink_Tests\Outlets-Test\outlet_recovery_action.py", line 353, in test_power_on_pending_recovery
    self.change_ip_address_to_default(outletCtrlStr, ipAddressInputElem)
  File "C:\rlnk-select-test-automation\Outlet-RackLink_Tests\Outlets-Test\outlet_recovery_action.py", line 585, in change_ip_address_to_default
    driver.wait_and_click(close_btn_msg(), XPATH)
  File "C:\rlnk-select-test-automation\Outlet-RackLink_Tests\Outlets-Test\Utils\selenium_driver.py", line 226, in wait_and_click
    self.wait_until_clickable(locator, locatorType)
  File "C:\rlnk-select-test-automation\Outlet-RackLink_Tests\Outlets-Test\Utils\selenium_driver.py", line 129, in wait_until_clickable
    element = wait.until(EC.element_to_be_clickable((byType, locator)))
  File "C:\Python27\lib\site-packages\selenium\webdriver\support\wait.py", line 80, in until
    raise TimeoutException(message, screen, stacktrace)
TimeoutException: Message: 



        </pre>
    </div>
    <!--css div popup end-->
    </td>
</tr>

<tr class='errorClass'>
    <td>date_time_settings.DateTimeSettings</td>
    <td>2</td>
    <td>0</td>
    <td>0</td>
    <td>2</td>
    <td><a href="javascript:showClassDetail('c11',2)">Detail</a></td>
</tr>

<tr id='ft11.1' class='none'>
    <td class='errorCase'><div class='testcase'>test_NTP</div></td>
    <td colspan='5' align='center'>
    <!--css div popup start-->
    <a class="popup_link" onfocus='this.blur();' href="javascript:showTestDetail('div_ft11.1')" >
        error</a>
    <div id='div_ft11.1' class="popup_window">
        <div style='text-align: right; color:red;cursor:pointer'>
        <a onfocus='this.blur();' onclick="document.getElementById('div_ft11.1').style.display = 'none' " >
           [x]</a>
        </div>
        <pre>
        
ft11.1: 
Test Complete

Test Complete
Outlet is no longer in-sequence |  PASSED
Outlet is no longer in-sequence |  PASSED
Outlet is no longer in-sequence |  PASSED
"Currently no outlets in in-seq" message displayed |  PASSED 

Test Complete

::::: Outlet 1 :::::


::::: Outlet 2 :::::

Delay input value is within 1 - 255 |  PASSED

Test Complete
Delay input value is withing 1 - 255 |  PASSED
All visible outlets turned on |  PASSED

Test Complete

Test Complete

Test Complete

::::: Outlet 1 :::::

Input value is between 1 - 999 |  PASSED
Are you sure.. message appeared |  PASSED

::::: Outlet 1 :::::

Outlet expands into edit mode | PASSED
Outlet shrunk out of edit mode | PASSED

::::: Outlet 2 :::::

Outlet expands into edit mode | PASSED
Outlet shrunk out of edit mode | PASSED

::::: Outlet 3 :::::

Outlet expands into edit mode | PASSED
Outlet shrunk out of edit mode | PASSED

::::: Outlet 4 :::::

Outlet expands into edit mode | PASSED
Outlet shrunk out of edit mode | PASSED

Test Complete

::::: Outlet 1 :::::

Testing: 0.8.8.8 | has-error class appeared |   PASSED
Testing: 8.8.8.0 | has-error class appeared |   PASSED
Testing: 255.8.8.8 | has-error class appeared |   PASSED
Testing: 20.255.90 | has-error class appeared |   PASSED
Testing: 8.8.8 | has-error class appeared |   PASSED
Testing: 8.8.8.8.8 | has-error class appeared |   PASSED

::::: Outlet 2 :::::

Testing: 0.8.8.8 | has-error class appeared |   PASSED
Testing: 8.8.8.0 | has-error class appeared |   PASSED
Testing: 255.8.8.8 | has-error class appeared |   PASSED
Testing: 20.255.90 | has-error class appeared |   PASSED
Testing: 8.8.8 | has-error class appeared |   PASSED
Testing: 8.8.8.8.8 | has-error class appeared |   PASSED

::::: Outlet 3 :::::

Testing: 0.8.8.8 | has-error class appeared |   PASSED
Testing: 8.8.8.0 | has-error class appeared |   PASSED
Testing: 255.8.8.8 | has-error class appeared |   PASSED
Testing: 20.255.90 | has-error class appeared |   PASSED
Testing: 8.8.8 | has-error class appeared |   PASSED
Testing: 8.8.8.8.8 | has-error class appeared |   PASSED

::::: Outlet 4 :::::

Testing: 0.8.8.8 | has-error class appeared |   PASSED
Testing: 8.8.8.0 | has-error class appeared |   PASSED
Testing: 255.8.8.8 | has-error class appeared |   PASSED
Testing: 20.255.90 | has-error class appeared |   PASSED
Testing: 8.8.8 | has-error class appeared |   PASSED
Testing: 8.8.8.8.8 | has-error class appeared |   PASSED

Test Complete

Test Complete

Test Complete

::::: Outlet 1 :::::

twostate apEnable state1
Success message appeared |  PASSED
Outlet has shrunk out of edit mode | PASSED

::::: Outlet 2 :::::

twostate apEnable state1
Success message appeared |  PASSED
Outlet has shrunk out of edit mode | PASSED

::::: Outlet 3 :::::

twostate apEnable state1
Success message appeared |  PASSED
Outlet has shrunk out of edit mode | PASSED

::::: Outlet 4 :::::

twostate apEnable state1
Success message appeared |  PASSED
Outlet has shrunk out of edit mode | PASSED

Test Complete

Test Complete

Test Complete
Power state has not changed |  PASSED
Power state has not changed |  PASSED
Power state has not changed |  PASSED
Power state has not changed |  PASSED

Test Complete
Test case function: (test_power_cycle_once)

::::: Outlet 1 :::::

AutoPing Failed
AutoPing Replied

::::: Outlet 2 :::::

AutoPing Failed
AutoPing Replied

::::: Outlet 3 :::::

AutoPing Failed
AutoPing Replied

::::: Outlet 4 :::::

AutoPing Failed
AutoPing Replied

Test Complete

::::: Outlet 1 :::::

AutoPing Failed
AutoPing Replied

::::: Outlet 2 :::::


::::: Outlet 1 :::::

AutoPing Failed
AutoPing Replied

::::: Outlet 2 :::::

AutoPing Failed
AutoPing Replied

::::: Outlet 3 :::::

AutoPing Failed
AutoPing Replied

::::: Outlet 4 :::::

AutoPing Failed
AutoPing Replied

Test Complete

::::: Outlet 1 :::::

AutoPing Failed
AutoPing Replied

::::: Outlet 2 :::::

AutoPing Failed
AutoPing Replied

::::: Outlet 3 :::::

AutoPing Failed
AutoPing Replied

::::: Outlet 4 :::::

AutoPing Failed
AutoPing Replied

Test Complete

::::: Outlet 1 :::::

AutoPing Failed
AutoPing Replied

::::: Outlet 2 :::::

AutoPing Failed
AutoPing Replied

::::: Outlet 3 :::::

AutoPing Failed
AutoPing Replied

::::: Outlet 4 :::::

AutoPing Failed
AutoPing Replied

Test Complete

::::: Outlet 1 :::::

AutoPing Failed
AutoPing Replied

::::: Outlet 2 :::::

AutoPing Failed
AutoPing Replied

::::: Outlet 3 :::::

AutoPing Failed
AutoPing Replied

::::: Outlet 4 :::::

AutoPing Failed
AutoPing Replied
Traceback (most recent call last):
  File "C:\rlnk-select-test-automation\Outlet-RackLink_Tests\Outlets-Test\date_time_settings.py", line 97, in test_NTP
    driver.wait_and_click(close_btn_msg(), XPATH)
  File "C:\rlnk-select-test-automation\Outlet-RackLink_Tests\Outlets-Test\Utils\selenium_driver.py", line 226, in wait_and_click
    self.wait_until_clickable(locator, locatorType)
  File "C:\rlnk-select-test-automation\Outlet-RackLink_Tests\Outlets-Test\Utils\selenium_driver.py", line 129, in wait_until_clickable
    element = wait.until(EC.element_to_be_clickable((byType, locator)))
  File "C:\Python27\lib\site-packages\selenium\webdriver\support\wait.py", line 80, in until
    raise TimeoutException(message, screen, stacktrace)
TimeoutException: Message: 



        </pre>
    </div>
    <!--css div popup end-->
    </td>
</tr>

<tr id='ft11.2' class='none'>
    <td class='errorCase'><div class='testcase'>test_date_time</div></td>
    <td colspan='5' align='center'>
    <!--css div popup start-->
    <a class="popup_link" onfocus='this.blur();' href="javascript:showTestDetail('div_ft11.2')" >
        error</a>
    <div id='div_ft11.2' class="popup_window">
        <div style='text-align: right; color:red;cursor:pointer'>
        <a onfocus='this.blur();' onclick="document.getElementById('div_ft11.2').style.display = 'none' " >
           [x]</a>
        </div>
        <pre>
        
ft11.2: 
Test Complete

Test Complete
Outlet is no longer in-sequence |  PASSED
Outlet is no longer in-sequence |  PASSED
Outlet is no longer in-sequence |  PASSED
"Currently no outlets in in-seq" message displayed |  PASSED 

Test Complete

::::: Outlet 1 :::::


::::: Outlet 2 :::::

Delay input value is within 1 - 255 |  PASSED

Test Complete
Delay input value is withing 1 - 255 |  PASSED
All visible outlets turned on |  PASSED

Test Complete

Test Complete

Test Complete

::::: Outlet 1 :::::

Input value is between 1 - 999 |  PASSED
Are you sure.. message appeared |  PASSED

::::: Outlet 1 :::::

Outlet expands into edit mode | PASSED
Outlet shrunk out of edit mode | PASSED

::::: Outlet 2 :::::

Outlet expands into edit mode | PASSED
Outlet shrunk out of edit mode | PASSED

::::: Outlet 3 :::::

Outlet expands into edit mode | PASSED
Outlet shrunk out of edit mode | PASSED

::::: Outlet 4 :::::

Outlet expands into edit mode | PASSED
Outlet shrunk out of edit mode | PASSED

Test Complete

::::: Outlet 1 :::::

Testing: 0.8.8.8 | has-error class appeared |   PASSED
Testing: 8.8.8.0 | has-error class appeared |   PASSED
Testing: 255.8.8.8 | has-error class appeared |   PASSED
Testing: 20.255.90 | has-error class appeared |   PASSED
Testing: 8.8.8 | has-error class appeared |   PASSED
Testing: 8.8.8.8.8 | has-error class appeared |   PASSED

::::: Outlet 2 :::::

Testing: 0.8.8.8 | has-error class appeared |   PASSED
Testing: 8.8.8.0 | has-error class appeared |   PASSED
Testing: 255.8.8.8 | has-error class appeared |   PASSED
Testing: 20.255.90 | has-error class appeared |   PASSED
Testing: 8.8.8 | has-error class appeared |   PASSED
Testing: 8.8.8.8.8 | has-error class appeared |   PASSED

::::: Outlet 3 :::::

Testing: 0.8.8.8 | has-error class appeared |   PASSED
Testing: 8.8.8.0 | has-error class appeared |   PASSED
Testing: 255.8.8.8 | has-error class appeared |   PASSED
Testing: 20.255.90 | has-error class appeared |   PASSED
Testing: 8.8.8 | has-error class appeared |   PASSED
Testing: 8.8.8.8.8 | has-error class appeared |   PASSED

::::: Outlet 4 :::::

Testing: 0.8.8.8 | has-error class appeared |   PASSED
Testing: 8.8.8.0 | has-error class appeared |   PASSED
Testing: 255.8.8.8 | has-error class appeared |   PASSED
Testing: 20.255.90 | has-error class appeared |   PASSED
Testing: 8.8.8 | has-error class appeared |   PASSED
Testing: 8.8.8.8.8 | has-error class appeared |   PASSED

Test Complete

Test Complete

Test Complete

::::: Outlet 1 :::::

twostate apEnable state1
Success message appeared |  PASSED
Outlet has shrunk out of edit mode | PASSED

::::: Outlet 2 :::::

twostate apEnable state1
Success message appeared |  PASSED
Outlet has shrunk out of edit mode | PASSED

::::: Outlet 3 :::::

twostate apEnable state1
Success message appeared |  PASSED
Outlet has shrunk out of edit mode | PASSED

::::: Outlet 4 :::::

twostate apEnable state1
Success message appeared |  PASSED
Outlet has shrunk out of edit mode | PASSED

Test Complete

Test Complete

Test Complete
Power state has not changed |  PASSED
Power state has not changed |  PASSED
Power state has not changed |  PASSED
Power state has not changed |  PASSED

Test Complete
Test case function: (test_power_cycle_once)

::::: Outlet 1 :::::

AutoPing Failed
AutoPing Replied

::::: Outlet 2 :::::

AutoPing Failed
AutoPing Replied

::::: Outlet 3 :::::

AutoPing Failed
AutoPing Replied

::::: Outlet 4 :::::

AutoPing Failed
AutoPing Replied

Test Complete

::::: Outlet 1 :::::

AutoPing Failed
AutoPing Replied

::::: Outlet 2 :::::


::::: Outlet 1 :::::

AutoPing Failed
AutoPing Replied

::::: Outlet 2 :::::

AutoPing Failed
AutoPing Replied

::::: Outlet 3 :::::

AutoPing Failed
AutoPing Replied

::::: Outlet 4 :::::

AutoPing Failed
AutoPing Replied

Test Complete

::::: Outlet 1 :::::

AutoPing Failed
AutoPing Replied

::::: Outlet 2 :::::

AutoPing Failed
AutoPing Replied

::::: Outlet 3 :::::

AutoPing Failed
AutoPing Replied

::::: Outlet 4 :::::

AutoPing Failed
AutoPing Replied

Test Complete

::::: Outlet 1 :::::

AutoPing Failed
AutoPing Replied

::::: Outlet 2 :::::

AutoPing Failed
AutoPing Replied

::::: Outlet 3 :::::

AutoPing Failed
AutoPing Replied

::::: Outlet 4 :::::

AutoPing Failed
AutoPing Replied

Test Complete

::::: Outlet 1 :::::

AutoPing Failed
AutoPing Replied

::::: Outlet 2 :::::

AutoPing Failed
AutoPing Replied

::::: Outlet 3 :::::

AutoPing Failed
AutoPing Replied

::::: Outlet 4 :::::

AutoPing Failed
AutoPing Replied
Traceback (most recent call last):
  File "C:\rlnk-select-test-automation\Outlet-RackLink_Tests\Outlets-Test\date_time_settings.py", line 33, in test_date_time
    driver.wait_and_click(close_btn_msg(), XPATH)
  File "C:\rlnk-select-test-automation\Outlet-RackLink_Tests\Outlets-Test\Utils\selenium_driver.py", line 226, in wait_and_click
    self.wait_until_clickable(locator, locatorType)
  File "C:\rlnk-select-test-automation\Outlet-RackLink_Tests\Outlets-Test\Utils\selenium_driver.py", line 129, in wait_until_clickable
    element = wait.until(EC.element_to_be_clickable((byType, locator)))
  File "C:\Python27\lib\site-packages\selenium\webdriver\support\wait.py", line 80, in until
    raise TimeoutException(message, screen, stacktrace)
TimeoutException: Message: 



        </pre>
    </div>
    <!--css div popup end-->
    </td>
</tr>

<tr class='passClass'>
    <td>device_settings.DeviceSettings</td>
    <td>6</td>
    <td>6</td>
    <td>0</td>
    <td>0</td>
    <td><a href="javascript:showClassDetail('c12',6)">Detail</a></td>
</tr>

<tr id='pt12.1' class='hiddenRow'>
    <td class='none'><div class='testcase'>test_account_name_number</div></td>
    <td colspan='5' align='center'>
    <!--css div popup start-->
    <a class="popup_link" onfocus='this.blur();' href="javascript:showTestDetail('div_pt12.1')" >
        pass</a>
    <div id='div_pt12.1' class="popup_window">
        <div style='text-align: right; color:red;cursor:pointer'>
        <a onfocus='this.blur();' onclick="document.getElementById('div_pt12.1').style.display = 'none' " >
           [x]</a>
        </div>
        <pre>
        
pt12.1: 
Test Complete

Test Complete
Outlet is no longer in-sequence |  PASSED
Outlet is no longer in-sequence |  PASSED
Outlet is no longer in-sequence |  PASSED
"Currently no outlets in in-seq" message displayed |  PASSED 

Test Complete

::::: Outlet 1 :::::


::::: Outlet 2 :::::

Delay input value is within 1 - 255 |  PASSED

Test Complete
Delay input value is withing 1 - 255 |  PASSED
All visible outlets turned on |  PASSED

Test Complete

Test Complete

Test Complete

::::: Outlet 1 :::::

Input value is between 1 - 999 |  PASSED
Are you sure.. message appeared |  PASSED

::::: Outlet 1 :::::

Outlet expands into edit mode | PASSED
Outlet shrunk out of edit mode | PASSED

::::: Outlet 2 :::::

Outlet expands into edit mode | PASSED
Outlet shrunk out of edit mode | PASSED

::::: Outlet 3 :::::

Outlet expands into edit mode | PASSED
Outlet shrunk out of edit mode | PASSED

::::: Outlet 4 :::::

Outlet expands into edit mode | PASSED
Outlet shrunk out of edit mode | PASSED

Test Complete

::::: Outlet 1 :::::

Testing: 0.8.8.8 | has-error class appeared |   PASSED
Testing: 8.8.8.0 | has-error class appeared |   PASSED
Testing: 255.8.8.8 | has-error class appeared |   PASSED
Testing: 20.255.90 | has-error class appeared |   PASSED
Testing: 8.8.8 | has-error class appeared |   PASSED
Testing: 8.8.8.8.8 | has-error class appeared |   PASSED

::::: Outlet 2 :::::

Testing: 0.8.8.8 | has-error class appeared |   PASSED
Testing: 8.8.8.0 | has-error class appeared |   PASSED
Testing: 255.8.8.8 | has-error class appeared |   PASSED
Testing: 20.255.90 | has-error class appeared |   PASSED
Testing: 8.8.8 | has-error class appeared |   PASSED
Testing: 8.8.8.8.8 | has-error class appeared |   PASSED

::::: Outlet 3 :::::

Testing: 0.8.8.8 | has-error class appeared |   PASSED
Testing: 8.8.8.0 | has-error class appeared |   PASSED
Testing: 255.8.8.8 | has-error class appeared |   PASSED
Testing: 20.255.90 | has-error class appeared |   PASSED
Testing: 8.8.8 | has-error class appeared |   PASSED
Testing: 8.8.8.8.8 | has-error class appeared |   PASSED

::::: Outlet 4 :::::

Testing: 0.8.8.8 | has-error class appeared |   PASSED
Testing: 8.8.8.0 | has-error class appeared |   PASSED
Testing: 255.8.8.8 | has-error class appeared |   PASSED
Testing: 20.255.90 | has-error class appeared |   PASSED
Testing: 8.8.8 | has-error class appeared |   PASSED
Testing: 8.8.8.8.8 | has-error class appeared |   PASSED

Test Complete

Test Complete

Test Complete

::::: Outlet 1 :::::

twostate apEnable state1
Success message appeared |  PASSED
Outlet has shrunk out of edit mode | PASSED

::::: Outlet 2 :::::

twostate apEnable state1
Success message appeared |  PASSED
Outlet has shrunk out of edit mode | PASSED

::::: Outlet 3 :::::

twostate apEnable state1
Success message appeared |  PASSED
Outlet has shrunk out of edit mode | PASSED

::::: Outlet 4 :::::

twostate apEnable state1
Success message appeared |  PASSED
Outlet has shrunk out of edit mode | PASSED

Test Complete

Test Complete

Test Complete
Power state has not changed |  PASSED
Power state has not changed |  PASSED
Power state has not changed |  PASSED
Power state has not changed |  PASSED

Test Complete
Test case function: (test_power_cycle_once)

::::: Outlet 1 :::::

AutoPing Failed
AutoPing Replied

::::: Outlet 2 :::::

AutoPing Failed
AutoPing Replied

::::: Outlet 3 :::::

AutoPing Failed
AutoPing Replied

::::: Outlet 4 :::::

AutoPing Failed
AutoPing Replied

Test Complete

::::: Outlet 1 :::::

AutoPing Failed
AutoPing Replied

::::: Outlet 2 :::::


::::: Outlet 1 :::::

AutoPing Failed
AutoPing Replied

::::: Outlet 2 :::::

AutoPing Failed
AutoPing Replied

::::: Outlet 3 :::::

AutoPing Failed
AutoPing Replied

::::: Outlet 4 :::::

AutoPing Failed
AutoPing Replied

Test Complete

::::: Outlet 1 :::::

AutoPing Failed
AutoPing Replied

::::: Outlet 2 :::::

AutoPing Failed
AutoPing Replied

::::: Outlet 3 :::::

AutoPing Failed
AutoPing Replied

::::: Outlet 4 :::::

AutoPing Failed
AutoPing Replied

Test Complete

::::: Outlet 1 :::::

AutoPing Failed
AutoPing Replied

::::: Outlet 2 :::::

AutoPing Failed
AutoPing Replied

::::: Outlet 3 :::::

AutoPing Failed
AutoPing Replied

::::: Outlet 4 :::::

AutoPing Failed
AutoPing Replied

Test Complete

::::: Outlet 1 :::::

AutoPing Failed
AutoPing Replied

::::: Outlet 2 :::::

AutoPing Failed
AutoPing Replied

::::: Outlet 3 :::::

AutoPing Failed
AutoPing Replied

::::: Outlet 4 :::::

AutoPing Failed
AutoPing Replied

Test Complete


        </pre>
    </div>
    <!--css div popup end-->
    </td>
</tr>

<tr id='pt12.2' class='hiddenRow'>
    <td class='none'><div class='testcase'>test_device_description</div></td>
    <td colspan='5' align='center'>
    <!--css div popup start-->
    <a class="popup_link" onfocus='this.blur();' href="javascript:showTestDetail('div_pt12.2')" >
        pass</a>
    <div id='div_pt12.2' class="popup_window">
        <div style='text-align: right; color:red;cursor:pointer'>
        <a onfocus='this.blur();' onclick="document.getElementById('div_pt12.2').style.display = 'none' " >
           [x]</a>
        </div>
        <pre>
        
pt12.2: 
Test Complete

Test Complete
Outlet is no longer in-sequence |  PASSED
Outlet is no longer in-sequence |  PASSED
Outlet is no longer in-sequence |  PASSED
"Currently no outlets in in-seq" message displayed |  PASSED 

Test Complete

::::: Outlet 1 :::::


::::: Outlet 2 :::::

Delay input value is within 1 - 255 |  PASSED

Test Complete
Delay input value is withing 1 - 255 |  PASSED
All visible outlets turned on |  PASSED

Test Complete

Test Complete

Test Complete

::::: Outlet 1 :::::

Input value is between 1 - 999 |  PASSED
Are you sure.. message appeared |  PASSED

::::: Outlet 1 :::::

Outlet expands into edit mode | PASSED
Outlet shrunk out of edit mode | PASSED

::::: Outlet 2 :::::

Outlet expands into edit mode | PASSED
Outlet shrunk out of edit mode | PASSED

::::: Outlet 3 :::::

Outlet expands into edit mode | PASSED
Outlet shrunk out of edit mode | PASSED

::::: Outlet 4 :::::

Outlet expands into edit mode | PASSED
Outlet shrunk out of edit mode | PASSED

Test Complete

::::: Outlet 1 :::::

Testing: 0.8.8.8 | has-error class appeared |   PASSED
Testing: 8.8.8.0 | has-error class appeared |   PASSED
Testing: 255.8.8.8 | has-error class appeared |   PASSED
Testing: 20.255.90 | has-error class appeared |   PASSED
Testing: 8.8.8 | has-error class appeared |   PASSED
Testing: 8.8.8.8.8 | has-error class appeared |   PASSED

::::: Outlet 2 :::::

Testing: 0.8.8.8 | has-error class appeared |   PASSED
Testing: 8.8.8.0 | has-error class appeared |   PASSED
Testing: 255.8.8.8 | has-error class appeared |   PASSED
Testing: 20.255.90 | has-error class appeared |   PASSED
Testing: 8.8.8 | has-error class appeared |   PASSED
Testing: 8.8.8.8.8 | has-error class appeared |   PASSED

::::: Outlet 3 :::::

Testing: 0.8.8.8 | has-error class appeared |   PASSED
Testing: 8.8.8.0 | has-error class appeared |   PASSED
Testing: 255.8.8.8 | has-error class appeared |   PASSED
Testing: 20.255.90 | has-error class appeared |   PASSED
Testing: 8.8.8 | has-error class appeared |   PASSED
Testing: 8.8.8.8.8 | has-error class appeared |   PASSED

::::: Outlet 4 :::::

Testing: 0.8.8.8 | has-error class appeared |   PASSED
Testing: 8.8.8.0 | has-error class appeared |   PASSED
Testing: 255.8.8.8 | has-error class appeared |   PASSED
Testing: 20.255.90 | has-error class appeared |   PASSED
Testing: 8.8.8 | has-error class appeared |   PASSED
Testing: 8.8.8.8.8 | has-error class appeared |   PASSED

Test Complete

Test Complete

Test Complete

::::: Outlet 1 :::::

twostate apEnable state1
Success message appeared |  PASSED
Outlet has shrunk out of edit mode | PASSED

::::: Outlet 2 :::::

twostate apEnable state1
Success message appeared |  PASSED
Outlet has shrunk out of edit mode | PASSED

::::: Outlet 3 :::::

twostate apEnable state1
Success message appeared |  PASSED
Outlet has shrunk out of edit mode | PASSED

::::: Outlet 4 :::::

twostate apEnable state1
Success message appeared |  PASSED
Outlet has shrunk out of edit mode | PASSED

Test Complete

Test Complete

Test Complete
Power state has not changed |  PASSED
Power state has not changed |  PASSED
Power state has not changed |  PASSED
Power state has not changed |  PASSED

Test Complete
Test case function: (test_power_cycle_once)

::::: Outlet 1 :::::

AutoPing Failed
AutoPing Replied

::::: Outlet 2 :::::

AutoPing Failed
AutoPing Replied

::::: Outlet 3 :::::

AutoPing Failed
AutoPing Replied

::::: Outlet 4 :::::

AutoPing Failed
AutoPing Replied

Test Complete

::::: Outlet 1 :::::

AutoPing Failed
AutoPing Replied

::::: Outlet 2 :::::


::::: Outlet 1 :::::

AutoPing Failed
AutoPing Replied

::::: Outlet 2 :::::

AutoPing Failed
AutoPing Replied

::::: Outlet 3 :::::

AutoPing Failed
AutoPing Replied

::::: Outlet 4 :::::

AutoPing Failed
AutoPing Replied

Test Complete

::::: Outlet 1 :::::

AutoPing Failed
AutoPing Replied

::::: Outlet 2 :::::

AutoPing Failed
AutoPing Replied

::::: Outlet 3 :::::

AutoPing Failed
AutoPing Replied

::::: Outlet 4 :::::

AutoPing Failed
AutoPing Replied

Test Complete

::::: Outlet 1 :::::

AutoPing Failed
AutoPing Replied

::::: Outlet 2 :::::

AutoPing Failed
AutoPing Replied

::::: Outlet 3 :::::

AutoPing Failed
AutoPing Replied

::::: Outlet 4 :::::

AutoPing Failed
AutoPing Replied

Test Complete

::::: Outlet 1 :::::

AutoPing Failed
AutoPing Replied

::::: Outlet 2 :::::

AutoPing Failed
AutoPing Replied

::::: Outlet 3 :::::

AutoPing Failed
AutoPing Replied

::::: Outlet 4 :::::

AutoPing Failed
AutoPing Replied

Test Complete

Test Complete


        </pre>
    </div>
    <!--css div popup end-->
    </td>
</tr>

<tr id='pt12.3' class='hiddenRow'>
    <td class='none'><div class='testcase'>test_device_location</div></td>
    <td colspan='5' align='center'>
    <!--css div popup start-->
    <a class="popup_link" onfocus='this.blur();' href="javascript:showTestDetail('div_pt12.3')" >
        pass</a>
    <div id='div_pt12.3' class="popup_window">
        <div style='text-align: right; color:red;cursor:pointer'>
        <a onfocus='this.blur();' onclick="document.getElementById('div_pt12.3').style.display = 'none' " >
           [x]</a>
        </div>
        <pre>
        
pt12.3: 
Test Complete

Test Complete
Outlet is no longer in-sequence |  PASSED
Outlet is no longer in-sequence |  PASSED
Outlet is no longer in-sequence |  PASSED
"Currently no outlets in in-seq" message displayed |  PASSED 

Test Complete

::::: Outlet 1 :::::


::::: Outlet 2 :::::

Delay input value is within 1 - 255 |  PASSED

Test Complete
Delay input value is withing 1 - 255 |  PASSED
All visible outlets turned on |  PASSED

Test Complete

Test Complete

Test Complete

::::: Outlet 1 :::::

Input value is between 1 - 999 |  PASSED
Are you sure.. message appeared |  PASSED

::::: Outlet 1 :::::

Outlet expands into edit mode | PASSED
Outlet shrunk out of edit mode | PASSED

::::: Outlet 2 :::::

Outlet expands into edit mode | PASSED
Outlet shrunk out of edit mode | PASSED

::::: Outlet 3 :::::

Outlet expands into edit mode | PASSED
Outlet shrunk out of edit mode | PASSED

::::: Outlet 4 :::::

Outlet expands into edit mode | PASSED
Outlet shrunk out of edit mode | PASSED

Test Complete

::::: Outlet 1 :::::

Testing: 0.8.8.8 | has-error class appeared |   PASSED
Testing: 8.8.8.0 | has-error class appeared |   PASSED
Testing: 255.8.8.8 | has-error class appeared |   PASSED
Testing: 20.255.90 | has-error class appeared |   PASSED
Testing: 8.8.8 | has-error class appeared |   PASSED
Testing: 8.8.8.8.8 | has-error class appeared |   PASSED

::::: Outlet 2 :::::

Testing: 0.8.8.8 | has-error class appeared |   PASSED
Testing: 8.8.8.0 | has-error class appeared |   PASSED
Testing: 255.8.8.8 | has-error class appeared |   PASSED
Testing: 20.255.90 | has-error class appeared |   PASSED
Testing: 8.8.8 | has-error class appeared |   PASSED
Testing: 8.8.8.8.8 | has-error class appeared |   PASSED

::::: Outlet 3 :::::

Testing: 0.8.8.8 | has-error class appeared |   PASSED
Testing: 8.8.8.0 | has-error class appeared |   PASSED
Testing: 255.8.8.8 | has-error class appeared |   PASSED
Testing: 20.255.90 | has-error class appeared |   PASSED
Testing: 8.8.8 | has-error class appeared |   PASSED
Testing: 8.8.8.8.8 | has-error class appeared |   PASSED

::::: Outlet 4 :::::

Testing: 0.8.8.8 | has-error class appeared |   PASSED
Testing: 8.8.8.0 | has-error class appeared |   PASSED
Testing: 255.8.8.8 | has-error class appeared |   PASSED
Testing: 20.255.90 | has-error class appeared |   PASSED
Testing: 8.8.8 | has-error class appeared |   PASSED
Testing: 8.8.8.8.8 | has-error class appeared |   PASSED

Test Complete

Test Complete

Test Complete

::::: Outlet 1 :::::

twostate apEnable state1
Success message appeared |  PASSED
Outlet has shrunk out of edit mode | PASSED

::::: Outlet 2 :::::

twostate apEnable state1
Success message appeared |  PASSED
Outlet has shrunk out of edit mode | PASSED

::::: Outlet 3 :::::

twostate apEnable state1
Success message appeared |  PASSED
Outlet has shrunk out of edit mode | PASSED

::::: Outlet 4 :::::

twostate apEnable state1
Success message appeared |  PASSED
Outlet has shrunk out of edit mode | PASSED

Test Complete

Test Complete

Test Complete
Power state has not changed |  PASSED
Power state has not changed |  PASSED
Power state has not changed |  PASSED
Power state has not changed |  PASSED

Test Complete
Test case function: (test_power_cycle_once)

::::: Outlet 1 :::::

AutoPing Failed
AutoPing Replied

::::: Outlet 2 :::::

AutoPing Failed
AutoPing Replied

::::: Outlet 3 :::::

AutoPing Failed
AutoPing Replied

::::: Outlet 4 :::::

AutoPing Failed
AutoPing Replied

Test Complete

::::: Outlet 1 :::::

AutoPing Failed
AutoPing Replied

::::: Outlet 2 :::::


::::: Outlet 1 :::::

AutoPing Failed
AutoPing Replied

::::: Outlet 2 :::::

AutoPing Failed
AutoPing Replied

::::: Outlet 3 :::::

AutoPing Failed
AutoPing Replied

::::: Outlet 4 :::::

AutoPing Failed
AutoPing Replied

Test Complete

::::: Outlet 1 :::::

AutoPing Failed
AutoPing Replied

::::: Outlet 2 :::::

AutoPing Failed
AutoPing Replied

::::: Outlet 3 :::::

AutoPing Failed
AutoPing Replied

::::: Outlet 4 :::::

AutoPing Failed
AutoPing Replied

Test Complete

::::: Outlet 1 :::::

AutoPing Failed
AutoPing Replied

::::: Outlet 2 :::::

AutoPing Failed
AutoPing Replied

::::: Outlet 3 :::::

AutoPing Failed
AutoPing Replied

::::: Outlet 4 :::::

AutoPing Failed
AutoPing Replied

Test Complete

::::: Outlet 1 :::::

AutoPing Failed
AutoPing Replied

::::: Outlet 2 :::::

AutoPing Failed
AutoPing Replied

::::: Outlet 3 :::::

AutoPing Failed
AutoPing Replied

::::: Outlet 4 :::::

AutoPing Failed
AutoPing Replied

Test Complete

Test Complete

Test Complete


        </pre>
    </div>
    <!--css div popup end-->
    </td>
</tr>

<tr id='pt12.4' class='hiddenRow'>
    <td class='none'><div class='testcase'>test_device_name</div></td>
    <td colspan='5' align='center'>
    <!--css div popup start-->
    <a class="popup_link" onfocus='this.blur();' href="javascript:showTestDetail('div_pt12.4')" >
        pass</a>
    <div id='div_pt12.4' class="popup_window">
        <div style='text-align: right; color:red;cursor:pointer'>
        <a onfocus='this.blur();' onclick="document.getElementById('div_pt12.4').style.display = 'none' " >
           [x]</a>
        </div>
        <pre>
        
pt12.4: 
Test Complete

Test Complete
Outlet is no longer in-sequence |  PASSED
Outlet is no longer in-sequence |  PASSED
Outlet is no longer in-sequence |  PASSED
"Currently no outlets in in-seq" message displayed |  PASSED 

Test Complete

::::: Outlet 1 :::::


::::: Outlet 2 :::::

Delay input value is within 1 - 255 |  PASSED

Test Complete
Delay input value is withing 1 - 255 |  PASSED
All visible outlets turned on |  PASSED

Test Complete

Test Complete

Test Complete

::::: Outlet 1 :::::

Input value is between 1 - 999 |  PASSED
Are you sure.. message appeared |  PASSED

::::: Outlet 1 :::::

Outlet expands into edit mode | PASSED
Outlet shrunk out of edit mode | PASSED

::::: Outlet 2 :::::

Outlet expands into edit mode | PASSED
Outlet shrunk out of edit mode | PASSED

::::: Outlet 3 :::::

Outlet expands into edit mode | PASSED
Outlet shrunk out of edit mode | PASSED

::::: Outlet 4 :::::

Outlet expands into edit mode | PASSED
Outlet shrunk out of edit mode | PASSED

Test Complete

::::: Outlet 1 :::::

Testing: 0.8.8.8 | has-error class appeared |   PASSED
Testing: 8.8.8.0 | has-error class appeared |   PASSED
Testing: 255.8.8.8 | has-error class appeared |   PASSED
Testing: 20.255.90 | has-error class appeared |   PASSED
Testing: 8.8.8 | has-error class appeared |   PASSED
Testing: 8.8.8.8.8 | has-error class appeared |   PASSED

::::: Outlet 2 :::::

Testing: 0.8.8.8 | has-error class appeared |   PASSED
Testing: 8.8.8.0 | has-error class appeared |   PASSED
Testing: 255.8.8.8 | has-error class appeared |   PASSED
Testing: 20.255.90 | has-error class appeared |   PASSED
Testing: 8.8.8 | has-error class appeared |   PASSED
Testing: 8.8.8.8.8 | has-error class appeared |   PASSED

::::: Outlet 3 :::::

Testing: 0.8.8.8 | has-error class appeared |   PASSED
Testing: 8.8.8.0 | has-error class appeared |   PASSED
Testing: 255.8.8.8 | has-error class appeared |   PASSED
Testing: 20.255.90 | has-error class appeared |   PASSED
Testing: 8.8.8 | has-error class appeared |   PASSED
Testing: 8.8.8.8.8 | has-error class appeared |   PASSED

::::: Outlet 4 :::::

Testing: 0.8.8.8 | has-error class appeared |   PASSED
Testing: 8.8.8.0 | has-error class appeared |   PASSED
Testing: 255.8.8.8 | has-error class appeared |   PASSED
Testing: 20.255.90 | has-error class appeared |   PASSED
Testing: 8.8.8 | has-error class appeared |   PASSED
Testing: 8.8.8.8.8 | has-error class appeared |   PASSED

Test Complete

Test Complete

Test Complete

::::: Outlet 1 :::::

twostate apEnable state1
Success message appeared |  PASSED
Outlet has shrunk out of edit mode | PASSED

::::: Outlet 2 :::::

twostate apEnable state1
Success message appeared |  PASSED
Outlet has shrunk out of edit mode | PASSED

::::: Outlet 3 :::::

twostate apEnable state1
Success message appeared |  PASSED
Outlet has shrunk out of edit mode | PASSED

::::: Outlet 4 :::::

twostate apEnable state1
Success message appeared |  PASSED
Outlet has shrunk out of edit mode | PASSED

Test Complete

Test Complete

Test Complete
Power state has not changed |  PASSED
Power state has not changed |  PASSED
Power state has not changed |  PASSED
Power state has not changed |  PASSED

Test Complete
Test case function: (test_power_cycle_once)

::::: Outlet 1 :::::

AutoPing Failed
AutoPing Replied

::::: Outlet 2 :::::

AutoPing Failed
AutoPing Replied

::::: Outlet 3 :::::

AutoPing Failed
AutoPing Replied

::::: Outlet 4 :::::

AutoPing Failed
AutoPing Replied

Test Complete

::::: Outlet 1 :::::

AutoPing Failed
AutoPing Replied

::::: Outlet 2 :::::


::::: Outlet 1 :::::

AutoPing Failed
AutoPing Replied

::::: Outlet 2 :::::

AutoPing Failed
AutoPing Replied

::::: Outlet 3 :::::

AutoPing Failed
AutoPing Replied

::::: Outlet 4 :::::

AutoPing Failed
AutoPing Replied

Test Complete

::::: Outlet 1 :::::

AutoPing Failed
AutoPing Replied

::::: Outlet 2 :::::

AutoPing Failed
AutoPing Replied

::::: Outlet 3 :::::

AutoPing Failed
AutoPing Replied

::::: Outlet 4 :::::

AutoPing Failed
AutoPing Replied

Test Complete

::::: Outlet 1 :::::

AutoPing Failed
AutoPing Replied

::::: Outlet 2 :::::

AutoPing Failed
AutoPing Replied

::::: Outlet 3 :::::

AutoPing Failed
AutoPing Replied

::::: Outlet 4 :::::

AutoPing Failed
AutoPing Replied

Test Complete

::::: Outlet 1 :::::

AutoPing Failed
AutoPing Replied

::::: Outlet 2 :::::

AutoPing Failed
AutoPing Replied

::::: Outlet 3 :::::

AutoPing Failed
AutoPing Replied

::::: Outlet 4 :::::

AutoPing Failed
AutoPing Replied

Test Complete

Test Complete

Test Complete

Test Complete


        </pre>
    </div>
    <!--css div popup end-->
    </td>
</tr>

<tr id='pt12.5' class='hiddenRow'>
    <td class='none'><div class='testcase'>test_initial_outlet_state</div></td>
    <td colspan='5' align='center'>
    <!--css div popup start-->
    <a class="popup_link" onfocus='this.blur();' href="javascript:showTestDetail('div_pt12.5')" >
        pass</a>
    <div id='div_pt12.5' class="popup_window">
        <div style='text-align: right; color:red;cursor:pointer'>
        <a onfocus='this.blur();' onclick="document.getElementById('div_pt12.5').style.display = 'none' " >
           [x]</a>
        </div>
        <pre>
        
pt12.5: 
Test Complete

Test Complete
Outlet is no longer in-sequence |  PASSED
Outlet is no longer in-sequence |  PASSED
Outlet is no longer in-sequence |  PASSED
"Currently no outlets in in-seq" message displayed |  PASSED 

Test Complete

::::: Outlet 1 :::::


::::: Outlet 2 :::::

Delay input value is within 1 - 255 |  PASSED

Test Complete
Delay input value is withing 1 - 255 |  PASSED
All visible outlets turned on |  PASSED

Test Complete

Test Complete

Test Complete

::::: Outlet 1 :::::

Input value is between 1 - 999 |  PASSED
Are you sure.. message appeared |  PASSED

::::: Outlet 1 :::::

Outlet expands into edit mode | PASSED
Outlet shrunk out of edit mode | PASSED

::::: Outlet 2 :::::

Outlet expands into edit mode | PASSED
Outlet shrunk out of edit mode | PASSED

::::: Outlet 3 :::::

Outlet expands into edit mode | PASSED
Outlet shrunk out of edit mode | PASSED

::::: Outlet 4 :::::

Outlet expands into edit mode | PASSED
Outlet shrunk out of edit mode | PASSED

Test Complete

::::: Outlet 1 :::::

Testing: 0.8.8.8 | has-error class appeared |   PASSED
Testing: 8.8.8.0 | has-error class appeared |   PASSED
Testing: 255.8.8.8 | has-error class appeared |   PASSED
Testing: 20.255.90 | has-error class appeared |   PASSED
Testing: 8.8.8 | has-error class appeared |   PASSED
Testing: 8.8.8.8.8 | has-error class appeared |   PASSED

::::: Outlet 2 :::::

Testing: 0.8.8.8 | has-error class appeared |   PASSED
Testing: 8.8.8.0 | has-error class appeared |   PASSED
Testing: 255.8.8.8 | has-error class appeared |   PASSED
Testing: 20.255.90 | has-error class appeared |   PASSED
Testing: 8.8.8 | has-error class appeared |   PASSED
Testing: 8.8.8.8.8 | has-error class appeared |   PASSED

::::: Outlet 3 :::::

Testing: 0.8.8.8 | has-error class appeared |   PASSED
Testing: 8.8.8.0 | has-error class appeared |   PASSED
Testing: 255.8.8.8 | has-error class appeared |   PASSED
Testing: 20.255.90 | has-error class appeared |   PASSED
Testing: 8.8.8 | has-error class appeared |   PASSED
Testing: 8.8.8.8.8 | has-error class appeared |   PASSED

::::: Outlet 4 :::::

Testing: 0.8.8.8 | has-error class appeared |   PASSED
Testing: 8.8.8.0 | has-error class appeared |   PASSED
Testing: 255.8.8.8 | has-error class appeared |   PASSED
Testing: 20.255.90 | has-error class appeared |   PASSED
Testing: 8.8.8 | has-error class appeared |   PASSED
Testing: 8.8.8.8.8 | has-error class appeared |   PASSED

Test Complete

Test Complete

Test Complete

::::: Outlet 1 :::::

twostate apEnable state1
Success message appeared |  PASSED
Outlet has shrunk out of edit mode | PASSED

::::: Outlet 2 :::::

twostate apEnable state1
Success message appeared |  PASSED
Outlet has shrunk out of edit mode | PASSED

::::: Outlet 3 :::::

twostate apEnable state1
Success message appeared |  PASSED
Outlet has shrunk out of edit mode | PASSED

::::: Outlet 4 :::::

twostate apEnable state1
Success message appeared |  PASSED
Outlet has shrunk out of edit mode | PASSED

Test Complete

Test Complete

Test Complete
Power state has not changed |  PASSED
Power state has not changed |  PASSED
Power state has not changed |  PASSED
Power state has not changed |  PASSED

Test Complete
Test case function: (test_power_cycle_once)

::::: Outlet 1 :::::

AutoPing Failed
AutoPing Replied

::::: Outlet 2 :::::

AutoPing Failed
AutoPing Replied

::::: Outlet 3 :::::

AutoPing Failed
AutoPing Replied

::::: Outlet 4 :::::

AutoPing Failed
AutoPing Replied

Test Complete

::::: Outlet 1 :::::

AutoPing Failed
AutoPing Replied

::::: Outlet 2 :::::


::::: Outlet 1 :::::

AutoPing Failed
AutoPing Replied

::::: Outlet 2 :::::

AutoPing Failed
AutoPing Replied

::::: Outlet 3 :::::

AutoPing Failed
AutoPing Replied

::::: Outlet 4 :::::

AutoPing Failed
AutoPing Replied

Test Complete

::::: Outlet 1 :::::

AutoPing Failed
AutoPing Replied

::::: Outlet 2 :::::

AutoPing Failed
AutoPing Replied

::::: Outlet 3 :::::

AutoPing Failed
AutoPing Replied

::::: Outlet 4 :::::

AutoPing Failed
AutoPing Replied

Test Complete

::::: Outlet 1 :::::

AutoPing Failed
AutoPing Replied

::::: Outlet 2 :::::

AutoPing Failed
AutoPing Replied

::::: Outlet 3 :::::

AutoPing Failed
AutoPing Replied

::::: Outlet 4 :::::

AutoPing Failed
AutoPing Replied

Test Complete

::::: Outlet 1 :::::

AutoPing Failed
AutoPing Replied

::::: Outlet 2 :::::

AutoPing Failed
AutoPing Replied

::::: Outlet 3 :::::

AutoPing Failed
AutoPing Replied

::::: Outlet 4 :::::

AutoPing Failed
AutoPing Replied

Test Complete

Test Complete

Test Complete

Test Complete

Test Complete


        </pre>
    </div>
    <!--css div popup end-->
    </td>
</tr>

<tr id='pt12.6' class='hiddenRow'>
    <td class='none'><div class='testcase'>test_seq_power_up</div></td>
    <td colspan='5' align='center'>
    <!--css div popup start-->
    <a class="popup_link" onfocus='this.blur();' href="javascript:showTestDetail('div_pt12.6')" >
        pass</a>
    <div id='div_pt12.6' class="popup_window">
        <div style='text-align: right; color:red;cursor:pointer'>
        <a onfocus='this.blur();' onclick="document.getElementById('div_pt12.6').style.display = 'none' " >
           [x]</a>
        </div>
        <pre>
        
pt12.6: 
Test Complete

Test Complete
Outlet is no longer in-sequence |  PASSED
Outlet is no longer in-sequence |  PASSED
Outlet is no longer in-sequence |  PASSED
"Currently no outlets in in-seq" message displayed |  PASSED 

Test Complete

::::: Outlet 1 :::::


::::: Outlet 2 :::::

Delay input value is within 1 - 255 |  PASSED

Test Complete
Delay input value is withing 1 - 255 |  PASSED
All visible outlets turned on |  PASSED

Test Complete

Test Complete

Test Complete

::::: Outlet 1 :::::

Input value is between 1 - 999 |  PASSED
Are you sure.. message appeared |  PASSED

::::: Outlet 1 :::::

Outlet expands into edit mode | PASSED
Outlet shrunk out of edit mode | PASSED

::::: Outlet 2 :::::

Outlet expands into edit mode | PASSED
Outlet shrunk out of edit mode | PASSED

::::: Outlet 3 :::::

Outlet expands into edit mode | PASSED
Outlet shrunk out of edit mode | PASSED

::::: Outlet 4 :::::

Outlet expands into edit mode | PASSED
Outlet shrunk out of edit mode | PASSED

Test Complete

::::: Outlet 1 :::::

Testing: 0.8.8.8 | has-error class appeared |   PASSED
Testing: 8.8.8.0 | has-error class appeared |   PASSED
Testing: 255.8.8.8 | has-error class appeared |   PASSED
Testing: 20.255.90 | has-error class appeared |   PASSED
Testing: 8.8.8 | has-error class appeared |   PASSED
Testing: 8.8.8.8.8 | has-error class appeared |   PASSED

::::: Outlet 2 :::::

Testing: 0.8.8.8 | has-error class appeared |   PASSED
Testing: 8.8.8.0 | has-error class appeared |   PASSED
Testing: 255.8.8.8 | has-error class appeared |   PASSED
Testing: 20.255.90 | has-error class appeared |   PASSED
Testing: 8.8.8 | has-error class appeared |   PASSED
Testing: 8.8.8.8.8 | has-error class appeared |   PASSED

::::: Outlet 3 :::::

Testing: 0.8.8.8 | has-error class appeared |   PASSED
Testing: 8.8.8.0 | has-error class appeared |   PASSED
Testing: 255.8.8.8 | has-error class appeared |   PASSED
Testing: 20.255.90 | has-error class appeared |   PASSED
Testing: 8.8.8 | has-error class appeared |   PASSED
Testing: 8.8.8.8.8 | has-error class appeared |   PASSED

::::: Outlet 4 :::::

Testing: 0.8.8.8 | has-error class appeared |   PASSED
Testing: 8.8.8.0 | has-error class appeared |   PASSED
Testing: 255.8.8.8 | has-error class appeared |   PASSED
Testing: 20.255.90 | has-error class appeared |   PASSED
Testing: 8.8.8 | has-error class appeared |   PASSED
Testing: 8.8.8.8.8 | has-error class appeared |   PASSED

Test Complete

Test Complete

Test Complete

::::: Outlet 1 :::::

twostate apEnable state1
Success message appeared |  PASSED
Outlet has shrunk out of edit mode | PASSED

::::: Outlet 2 :::::

twostate apEnable state1
Success message appeared |  PASSED
Outlet has shrunk out of edit mode | PASSED

::::: Outlet 3 :::::

twostate apEnable state1
Success message appeared |  PASSED
Outlet has shrunk out of edit mode | PASSED

::::: Outlet 4 :::::

twostate apEnable state1
Success message appeared |  PASSED
Outlet has shrunk out of edit mode | PASSED

Test Complete

Test Complete

Test Complete
Power state has not changed |  PASSED
Power state has not changed |  PASSED
Power state has not changed |  PASSED
Power state has not changed |  PASSED

Test Complete
Test case function: (test_power_cycle_once)

::::: Outlet 1 :::::

AutoPing Failed
AutoPing Replied

::::: Outlet 2 :::::

AutoPing Failed
AutoPing Replied

::::: Outlet 3 :::::

AutoPing Failed
AutoPing Replied

::::: Outlet 4 :::::

AutoPing Failed
AutoPing Replied

Test Complete

::::: Outlet 1 :::::

AutoPing Failed
AutoPing Replied

::::: Outlet 2 :::::


::::: Outlet 1 :::::

AutoPing Failed
AutoPing Replied

::::: Outlet 2 :::::

AutoPing Failed
AutoPing Replied

::::: Outlet 3 :::::

AutoPing Failed
AutoPing Replied

::::: Outlet 4 :::::

AutoPing Failed
AutoPing Replied

Test Complete

::::: Outlet 1 :::::

AutoPing Failed
AutoPing Replied

::::: Outlet 2 :::::

AutoPing Failed
AutoPing Replied

::::: Outlet 3 :::::

AutoPing Failed
AutoPing Replied

::::: Outlet 4 :::::

AutoPing Failed
AutoPing Replied

Test Complete

::::: Outlet 1 :::::

AutoPing Failed
AutoPing Replied

::::: Outlet 2 :::::

AutoPing Failed
AutoPing Replied

::::: Outlet 3 :::::

AutoPing Failed
AutoPing Replied

::::: Outlet 4 :::::

AutoPing Failed
AutoPing Replied

Test Complete

::::: Outlet 1 :::::

AutoPing Failed
AutoPing Replied

::::: Outlet 2 :::::

AutoPing Failed
AutoPing Replied

::::: Outlet 3 :::::

AutoPing Failed
AutoPing Replied

::::: Outlet 4 :::::

AutoPing Failed
AutoPing Replied

Test Complete

Test Complete

Test Complete

Test Complete

Test Complete
twostate seqEnable state1

Test Complete


        </pre>
    </div>
    <!--css div popup end-->
    </td>
</tr>

<tr class='failClass'>
    <td>email_settings.EmailSettings</td>
    <td>5</td>
    <td>4</td>
    <td>1</td>
    <td>0</td>
    <td><a href="javascript:showClassDetail('c13',5)">Detail</a></td>
</tr>

<tr id='pt13.1' class='hiddenRow'>
    <td class='none'><div class='testcase'>test_authentication</div></td>
    <td colspan='5' align='center'>
    <!--css div popup start-->
    <a class="popup_link" onfocus='this.blur();' href="javascript:showTestDetail('div_pt13.1')" >
        pass</a>
    <div id='div_pt13.1' class="popup_window">
        <div style='text-align: right; color:red;cursor:pointer'>
        <a onfocus='this.blur();' onclick="document.getElementById('div_pt13.1').style.display = 'none' " >
           [x]</a>
        </div>
        <pre>
        
pt13.1: 
Test Complete

Test Complete
Outlet is no longer in-sequence |  PASSED
Outlet is no longer in-sequence |  PASSED
Outlet is no longer in-sequence |  PASSED
"Currently no outlets in in-seq" message displayed |  PASSED 

Test Complete

::::: Outlet 1 :::::


::::: Outlet 2 :::::

Delay input value is within 1 - 255 |  PASSED

Test Complete
Delay input value is withing 1 - 255 |  PASSED
All visible outlets turned on |  PASSED

Test Complete

Test Complete

Test Complete

::::: Outlet 1 :::::

Input value is between 1 - 999 |  PASSED
Are you sure.. message appeared |  PASSED

::::: Outlet 1 :::::

Outlet expands into edit mode | PASSED
Outlet shrunk out of edit mode | PASSED

::::: Outlet 2 :::::

Outlet expands into edit mode | PASSED
Outlet shrunk out of edit mode | PASSED

::::: Outlet 3 :::::

Outlet expands into edit mode | PASSED
Outlet shrunk out of edit mode | PASSED

::::: Outlet 4 :::::

Outlet expands into edit mode | PASSED
Outlet shrunk out of edit mode | PASSED

Test Complete

::::: Outlet 1 :::::

Testing: 0.8.8.8 | has-error class appeared |   PASSED
Testing: 8.8.8.0 | has-error class appeared |   PASSED
Testing: 255.8.8.8 | has-error class appeared |   PASSED
Testing: 20.255.90 | has-error class appeared |   PASSED
Testing: 8.8.8 | has-error class appeared |   PASSED
Testing: 8.8.8.8.8 | has-error class appeared |   PASSED

::::: Outlet 2 :::::

Testing: 0.8.8.8 | has-error class appeared |   PASSED
Testing: 8.8.8.0 | has-error class appeared |   PASSED
Testing: 255.8.8.8 | has-error class appeared |   PASSED
Testing: 20.255.90 | has-error class appeared |   PASSED
Testing: 8.8.8 | has-error class appeared |   PASSED
Testing: 8.8.8.8.8 | has-error class appeared |   PASSED

::::: Outlet 3 :::::

Testing: 0.8.8.8 | has-error class appeared |   PASSED
Testing: 8.8.8.0 | has-error class appeared |   PASSED
Testing: 255.8.8.8 | has-error class appeared |   PASSED
Testing: 20.255.90 | has-error class appeared |   PASSED
Testing: 8.8.8 | has-error class appeared |   PASSED
Testing: 8.8.8.8.8 | has-error class appeared |   PASSED

::::: Outlet 4 :::::

Testing: 0.8.8.8 | has-error class appeared |   PASSED
Testing: 8.8.8.0 | has-error class appeared |   PASSED
Testing: 255.8.8.8 | has-error class appeared |   PASSED
Testing: 20.255.90 | has-error class appeared |   PASSED
Testing: 8.8.8 | has-error class appeared |   PASSED
Testing: 8.8.8.8.8 | has-error class appeared |   PASSED

Test Complete

Test Complete

Test Complete

::::: Outlet 1 :::::

twostate apEnable state1
Success message appeared |  PASSED
Outlet has shrunk out of edit mode | PASSED

::::: Outlet 2 :::::

twostate apEnable state1
Success message appeared |  PASSED
Outlet has shrunk out of edit mode | PASSED

::::: Outlet 3 :::::

twostate apEnable state1
Success message appeared |  PASSED
Outlet has shrunk out of edit mode | PASSED

::::: Outlet 4 :::::

twostate apEnable state1
Success message appeared |  PASSED
Outlet has shrunk out of edit mode | PASSED

Test Complete

Test Complete

Test Complete
Power state has not changed |  PASSED
Power state has not changed |  PASSED
Power state has not changed |  PASSED
Power state has not changed |  PASSED

Test Complete
Test case function: (test_power_cycle_once)

::::: Outlet 1 :::::

AutoPing Failed
AutoPing Replied

::::: Outlet 2 :::::

AutoPing Failed
AutoPing Replied

::::: Outlet 3 :::::

AutoPing Failed
AutoPing Replied

::::: Outlet 4 :::::

AutoPing Failed
AutoPing Replied

Test Complete

::::: Outlet 1 :::::

AutoPing Failed
AutoPing Replied

::::: Outlet 2 :::::


::::: Outlet 1 :::::

AutoPing Failed
AutoPing Replied

::::: Outlet 2 :::::

AutoPing Failed
AutoPing Replied

::::: Outlet 3 :::::

AutoPing Failed
AutoPing Replied

::::: Outlet 4 :::::

AutoPing Failed
AutoPing Replied

Test Complete

::::: Outlet 1 :::::

AutoPing Failed
AutoPing Replied

::::: Outlet 2 :::::

AutoPing Failed
AutoPing Replied

::::: Outlet 3 :::::

AutoPing Failed
AutoPing Replied

::::: Outlet 4 :::::

AutoPing Failed
AutoPing Replied

Test Complete

::::: Outlet 1 :::::

AutoPing Failed
AutoPing Replied

::::: Outlet 2 :::::

AutoPing Failed
AutoPing Replied

::::: Outlet 3 :::::

AutoPing Failed
AutoPing Replied

::::: Outlet 4 :::::

AutoPing Failed
AutoPing Replied

Test Complete

::::: Outlet 1 :::::

AutoPing Failed
AutoPing Replied

::::: Outlet 2 :::::

AutoPing Failed
AutoPing Replied

::::: Outlet 3 :::::

AutoPing Failed
AutoPing Replied

::::: Outlet 4 :::::

AutoPing Failed
AutoPing Replied

Test Complete

Test Complete

Test Complete

Test Complete

Test Complete
twostate seqEnable state1

Test Complete

Test Complete


        </pre>
    </div>
    <!--css div popup end-->
    </td>
</tr>

<tr id='pt13.2' class='hiddenRow'>
    <td class='none'><div class='testcase'>test_ip_host_name</div></td>
    <td colspan='5' align='center'>
    <!--css div popup start-->
    <a class="popup_link" onfocus='this.blur();' href="javascript:showTestDetail('div_pt13.2')" >
        pass</a>
    <div id='div_pt13.2' class="popup_window">
        <div style='text-align: right; color:red;cursor:pointer'>
        <a onfocus='this.blur();' onclick="document.getElementById('div_pt13.2').style.display = 'none' " >
           [x]</a>
        </div>
        <pre>
        
pt13.2: 
Test Complete

Test Complete
Outlet is no longer in-sequence |  PASSED
Outlet is no longer in-sequence |  PASSED
Outlet is no longer in-sequence |  PASSED
"Currently no outlets in in-seq" message displayed |  PASSED 

Test Complete

::::: Outlet 1 :::::


::::: Outlet 2 :::::

Delay input value is within 1 - 255 |  PASSED

Test Complete
Delay input value is withing 1 - 255 |  PASSED
All visible outlets turned on |  PASSED

Test Complete

Test Complete

Test Complete

::::: Outlet 1 :::::

Input value is between 1 - 999 |  PASSED
Are you sure.. message appeared |  PASSED

::::: Outlet 1 :::::

Outlet expands into edit mode | PASSED
Outlet shrunk out of edit mode | PASSED

::::: Outlet 2 :::::

Outlet expands into edit mode | PASSED
Outlet shrunk out of edit mode | PASSED

::::: Outlet 3 :::::

Outlet expands into edit mode | PASSED
Outlet shrunk out of edit mode | PASSED

::::: Outlet 4 :::::

Outlet expands into edit mode | PASSED
Outlet shrunk out of edit mode | PASSED

Test Complete

::::: Outlet 1 :::::

Testing: 0.8.8.8 | has-error class appeared |   PASSED
Testing: 8.8.8.0 | has-error class appeared |   PASSED
Testing: 255.8.8.8 | has-error class appeared |   PASSED
Testing: 20.255.90 | has-error class appeared |   PASSED
Testing: 8.8.8 | has-error class appeared |   PASSED
Testing: 8.8.8.8.8 | has-error class appeared |   PASSED

::::: Outlet 2 :::::

Testing: 0.8.8.8 | has-error class appeared |   PASSED
Testing: 8.8.8.0 | has-error class appeared |   PASSED
Testing: 255.8.8.8 | has-error class appeared |   PASSED
Testing: 20.255.90 | has-error class appeared |   PASSED
Testing: 8.8.8 | has-error class appeared |   PASSED
Testing: 8.8.8.8.8 | has-error class appeared |   PASSED

::::: Outlet 3 :::::

Testing: 0.8.8.8 | has-error class appeared |   PASSED
Testing: 8.8.8.0 | has-error class appeared |   PASSED
Testing: 255.8.8.8 | has-error class appeared |   PASSED
Testing: 20.255.90 | has-error class appeared |   PASSED
Testing: 8.8.8 | has-error class appeared |   PASSED
Testing: 8.8.8.8.8 | has-error class appeared |   PASSED

::::: Outlet 4 :::::

Testing: 0.8.8.8 | has-error class appeared |   PASSED
Testing: 8.8.8.0 | has-error class appeared |   PASSED
Testing: 255.8.8.8 | has-error class appeared |   PASSED
Testing: 20.255.90 | has-error class appeared |   PASSED
Testing: 8.8.8 | has-error class appeared |   PASSED
Testing: 8.8.8.8.8 | has-error class appeared |   PASSED

Test Complete

Test Complete

Test Complete

::::: Outlet 1 :::::

twostate apEnable state1
Success message appeared |  PASSED
Outlet has shrunk out of edit mode | PASSED

::::: Outlet 2 :::::

twostate apEnable state1
Success message appeared |  PASSED
Outlet has shrunk out of edit mode | PASSED

::::: Outlet 3 :::::

twostate apEnable state1
Success message appeared |  PASSED
Outlet has shrunk out of edit mode | PASSED

::::: Outlet 4 :::::

twostate apEnable state1
Success message appeared |  PASSED
Outlet has shrunk out of edit mode | PASSED

Test Complete

Test Complete

Test Complete
Power state has not changed |  PASSED
Power state has not changed |  PASSED
Power state has not changed |  PASSED
Power state has not changed |  PASSED

Test Complete
Test case function: (test_power_cycle_once)

::::: Outlet 1 :::::

AutoPing Failed
AutoPing Replied

::::: Outlet 2 :::::

AutoPing Failed
AutoPing Replied

::::: Outlet 3 :::::

AutoPing Failed
AutoPing Replied

::::: Outlet 4 :::::

AutoPing Failed
AutoPing Replied

Test Complete

::::: Outlet 1 :::::

AutoPing Failed
AutoPing Replied

::::: Outlet 2 :::::


::::: Outlet 1 :::::

AutoPing Failed
AutoPing Replied

::::: Outlet 2 :::::

AutoPing Failed
AutoPing Replied

::::: Outlet 3 :::::

AutoPing Failed
AutoPing Replied

::::: Outlet 4 :::::

AutoPing Failed
AutoPing Replied

Test Complete

::::: Outlet 1 :::::

AutoPing Failed
AutoPing Replied

::::: Outlet 2 :::::

AutoPing Failed
AutoPing Replied

::::: Outlet 3 :::::

AutoPing Failed
AutoPing Replied

::::: Outlet 4 :::::

AutoPing Failed
AutoPing Replied

Test Complete

::::: Outlet 1 :::::

AutoPing Failed
AutoPing Replied

::::: Outlet 2 :::::

AutoPing Failed
AutoPing Replied

::::: Outlet 3 :::::

AutoPing Failed
AutoPing Replied

::::: Outlet 4 :::::

AutoPing Failed
AutoPing Replied

Test Complete

::::: Outlet 1 :::::

AutoPing Failed
AutoPing Replied

::::: Outlet 2 :::::

AutoPing Failed
AutoPing Replied

::::: Outlet 3 :::::

AutoPing Failed
AutoPing Replied

::::: Outlet 4 :::::

AutoPing Failed
AutoPing Replied

Test Complete

Test Complete

Test Complete

Test Complete

Test Complete
twostate seqEnable state1

Test Complete

Test Complete

Test Complete


        </pre>
    </div>
    <!--css div popup end-->
    </td>
</tr>

<tr id='pt13.3' class='hiddenRow'>
    <td class='none'><div class='testcase'>test_port_number</div></td>
    <td colspan='5' align='center'>
    <!--css div popup start-->
    <a class="popup_link" onfocus='this.blur();' href="javascript:showTestDetail('div_pt13.3')" >
        pass</a>
    <div id='div_pt13.3' class="popup_window">
        <div style='text-align: right; color:red;cursor:pointer'>
        <a onfocus='this.blur();' onclick="document.getElementById('div_pt13.3').style.display = 'none' " >
           [x]</a>
        </div>
        <pre>
        
pt13.3: 
Test Complete

Test Complete
Outlet is no longer in-sequence |  PASSED
Outlet is no longer in-sequence |  PASSED
Outlet is no longer in-sequence |  PASSED
"Currently no outlets in in-seq" message displayed |  PASSED 

Test Complete

::::: Outlet 1 :::::


::::: Outlet 2 :::::

Delay input value is within 1 - 255 |  PASSED

Test Complete
Delay input value is withing 1 - 255 |  PASSED
All visible outlets turned on |  PASSED

Test Complete

Test Complete

Test Complete

::::: Outlet 1 :::::

Input value is between 1 - 999 |  PASSED
Are you sure.. message appeared |  PASSED

::::: Outlet 1 :::::

Outlet expands into edit mode | PASSED
Outlet shrunk out of edit mode | PASSED

::::: Outlet 2 :::::

Outlet expands into edit mode | PASSED
Outlet shrunk out of edit mode | PASSED

::::: Outlet 3 :::::

Outlet expands into edit mode | PASSED
Outlet shrunk out of edit mode | PASSED

::::: Outlet 4 :::::

Outlet expands into edit mode | PASSED
Outlet shrunk out of edit mode | PASSED

Test Complete

::::: Outlet 1 :::::

Testing: 0.8.8.8 | has-error class appeared |   PASSED
Testing: 8.8.8.0 | has-error class appeared |   PASSED
Testing: 255.8.8.8 | has-error class appeared |   PASSED
Testing: 20.255.90 | has-error class appeared |   PASSED
Testing: 8.8.8 | has-error class appeared |   PASSED
Testing: 8.8.8.8.8 | has-error class appeared |   PASSED

::::: Outlet 2 :::::

Testing: 0.8.8.8 | has-error class appeared |   PASSED
Testing: 8.8.8.0 | has-error class appeared |   PASSED
Testing: 255.8.8.8 | has-error class appeared |   PASSED
Testing: 20.255.90 | has-error class appeared |   PASSED
Testing: 8.8.8 | has-error class appeared |   PASSED
Testing: 8.8.8.8.8 | has-error class appeared |   PASSED

::::: Outlet 3 :::::

Testing: 0.8.8.8 | has-error class appeared |   PASSED
Testing: 8.8.8.0 | has-error class appeared |   PASSED
Testing: 255.8.8.8 | has-error class appeared |   PASSED
Testing: 20.255.90 | has-error class appeared |   PASSED
Testing: 8.8.8 | has-error class appeared |   PASSED
Testing: 8.8.8.8.8 | has-error class appeared |   PASSED

::::: Outlet 4 :::::

Testing: 0.8.8.8 | has-error class appeared |   PASSED
Testing: 8.8.8.0 | has-error class appeared |   PASSED
Testing: 255.8.8.8 | has-error class appeared |   PASSED
Testing: 20.255.90 | has-error class appeared |   PASSED
Testing: 8.8.8 | has-error class appeared |   PASSED
Testing: 8.8.8.8.8 | has-error class appeared |   PASSED

Test Complete

Test Complete

Test Complete

::::: Outlet 1 :::::

twostate apEnable state1
Success message appeared |  PASSED
Outlet has shrunk out of edit mode | PASSED

::::: Outlet 2 :::::

twostate apEnable state1
Success message appeared |  PASSED
Outlet has shrunk out of edit mode | PASSED

::::: Outlet 3 :::::

twostate apEnable state1
Success message appeared |  PASSED
Outlet has shrunk out of edit mode | PASSED

::::: Outlet 4 :::::

twostate apEnable state1
Success message appeared |  PASSED
Outlet has shrunk out of edit mode | PASSED

Test Complete

Test Complete

Test Complete
Power state has not changed |  PASSED
Power state has not changed |  PASSED
Power state has not changed |  PASSED
Power state has not changed |  PASSED

Test Complete
Test case function: (test_power_cycle_once)

::::: Outlet 1 :::::

AutoPing Failed
AutoPing Replied

::::: Outlet 2 :::::

AutoPing Failed
AutoPing Replied

::::: Outlet 3 :::::

AutoPing Failed
AutoPing Replied

::::: Outlet 4 :::::

AutoPing Failed
AutoPing Replied

Test Complete

::::: Outlet 1 :::::

AutoPing Failed
AutoPing Replied

::::: Outlet 2 :::::


::::: Outlet 1 :::::

AutoPing Failed
AutoPing Replied

::::: Outlet 2 :::::

AutoPing Failed
AutoPing Replied

::::: Outlet 3 :::::

AutoPing Failed
AutoPing Replied

::::: Outlet 4 :::::

AutoPing Failed
AutoPing Replied

Test Complete

::::: Outlet 1 :::::

AutoPing Failed
AutoPing Replied

::::: Outlet 2 :::::

AutoPing Failed
AutoPing Replied

::::: Outlet 3 :::::

AutoPing Failed
AutoPing Replied

::::: Outlet 4 :::::

AutoPing Failed
AutoPing Replied

Test Complete

::::: Outlet 1 :::::

AutoPing Failed
AutoPing Replied

::::: Outlet 2 :::::

AutoPing Failed
AutoPing Replied

::::: Outlet 3 :::::

AutoPing Failed
AutoPing Replied

::::: Outlet 4 :::::

AutoPing Failed
AutoPing Replied

Test Complete

::::: Outlet 1 :::::

AutoPing Failed
AutoPing Replied

::::: Outlet 2 :::::

AutoPing Failed
AutoPing Replied

::::: Outlet 3 :::::

AutoPing Failed
AutoPing Replied

::::: Outlet 4 :::::

AutoPing Failed
AutoPing Replied

Test Complete

Test Complete

Test Complete

Test Complete

Test Complete
twostate seqEnable state1

Test Complete

Test Complete

Test Complete

Test Complete


        </pre>
    </div>
    <!--css div popup end-->
    </td>
</tr>

<tr id='ft13.4' class='none'>
    <td class='failCase'><div class='testcase'>test_recipients</div></td>
    <td colspan='5' align='center'>
    <!--css div popup start-->
    <a class="popup_link" onfocus='this.blur();' href="javascript:showTestDetail('div_ft13.4')" >
        fail</a>
    <div id='div_ft13.4' class="popup_window">
        <div style='text-align: right; color:red;cursor:pointer'>
        <a onfocus='this.blur();' onclick="document.getElementById('div_ft13.4').style.display = 'none' " >
           [x]</a>
        </div>
        <pre>
        
ft13.4: 
Test Complete

Test Complete
Outlet is no longer in-sequence |  PASSED
Outlet is no longer in-sequence |  PASSED
Outlet is no longer in-sequence |  PASSED
"Currently no outlets in in-seq" message displayed |  PASSED 

Test Complete

::::: Outlet 1 :::::


::::: Outlet 2 :::::

Delay input value is within 1 - 255 |  PASSED

Test Complete
Delay input value is withing 1 - 255 |  PASSED
All visible outlets turned on |  PASSED

Test Complete

Test Complete

Test Complete

::::: Outlet 1 :::::

Input value is between 1 - 999 |  PASSED
Are you sure.. message appeared |  PASSED

::::: Outlet 1 :::::

Outlet expands into edit mode | PASSED
Outlet shrunk out of edit mode | PASSED

::::: Outlet 2 :::::

Outlet expands into edit mode | PASSED
Outlet shrunk out of edit mode | PASSED

::::: Outlet 3 :::::

Outlet expands into edit mode | PASSED
Outlet shrunk out of edit mode | PASSED

::::: Outlet 4 :::::

Outlet expands into edit mode | PASSED
Outlet shrunk out of edit mode | PASSED

Test Complete

::::: Outlet 1 :::::

Testing: 0.8.8.8 | has-error class appeared |   PASSED
Testing: 8.8.8.0 | has-error class appeared |   PASSED
Testing: 255.8.8.8 | has-error class appeared |   PASSED
Testing: 20.255.90 | has-error class appeared |   PASSED
Testing: 8.8.8 | has-error class appeared |   PASSED
Testing: 8.8.8.8.8 | has-error class appeared |   PASSED

::::: Outlet 2 :::::

Testing: 0.8.8.8 | has-error class appeared |   PASSED
Testing: 8.8.8.0 | has-error class appeared |   PASSED
Testing: 255.8.8.8 | has-error class appeared |   PASSED
Testing: 20.255.90 | has-error class appeared |   PASSED
Testing: 8.8.8 | has-error class appeared |   PASSED
Testing: 8.8.8.8.8 | has-error class appeared |   PASSED

::::: Outlet 3 :::::

Testing: 0.8.8.8 | has-error class appeared |   PASSED
Testing: 8.8.8.0 | has-error class appeared |   PASSED
Testing: 255.8.8.8 | has-error class appeared |   PASSED
Testing: 20.255.90 | has-error class appeared |   PASSED
Testing: 8.8.8 | has-error class appeared |   PASSED
Testing: 8.8.8.8.8 | has-error class appeared |   PASSED

::::: Outlet 4 :::::

Testing: 0.8.8.8 | has-error class appeared |   PASSED
Testing: 8.8.8.0 | has-error class appeared |   PASSED
Testing: 255.8.8.8 | has-error class appeared |   PASSED
Testing: 20.255.90 | has-error class appeared |   PASSED
Testing: 8.8.8 | has-error class appeared |   PASSED
Testing: 8.8.8.8.8 | has-error class appeared |   PASSED

Test Complete

Test Complete

Test Complete

::::: Outlet 1 :::::

twostate apEnable state1
Success message appeared |  PASSED
Outlet has shrunk out of edit mode | PASSED

::::: Outlet 2 :::::

twostate apEnable state1
Success message appeared |  PASSED
Outlet has shrunk out of edit mode | PASSED

::::: Outlet 3 :::::

twostate apEnable state1
Success message appeared |  PASSED
Outlet has shrunk out of edit mode | PASSED

::::: Outlet 4 :::::

twostate apEnable state1
Success message appeared |  PASSED
Outlet has shrunk out of edit mode | PASSED

Test Complete

Test Complete

Test Complete
Power state has not changed |  PASSED
Power state has not changed |  PASSED
Power state has not changed |  PASSED
Power state has not changed |  PASSED

Test Complete
Test case function: (test_power_cycle_once)

::::: Outlet 1 :::::

AutoPing Failed
AutoPing Replied

::::: Outlet 2 :::::

AutoPing Failed
AutoPing Replied

::::: Outlet 3 :::::

AutoPing Failed
AutoPing Replied

::::: Outlet 4 :::::

AutoPing Failed
AutoPing Replied

Test Complete

::::: Outlet 1 :::::

AutoPing Failed
AutoPing Replied

::::: Outlet 2 :::::


::::: Outlet 1 :::::

AutoPing Failed
AutoPing Replied

::::: Outlet 2 :::::

AutoPing Failed
AutoPing Replied

::::: Outlet 3 :::::

AutoPing Failed
AutoPing Replied

::::: Outlet 4 :::::

AutoPing Failed
AutoPing Replied

Test Complete

::::: Outlet 1 :::::

AutoPing Failed
AutoPing Replied

::::: Outlet 2 :::::

AutoPing Failed
AutoPing Replied

::::: Outlet 3 :::::

AutoPing Failed
AutoPing Replied

::::: Outlet 4 :::::

AutoPing Failed
AutoPing Replied

Test Complete

::::: Outlet 1 :::::

AutoPing Failed
AutoPing Replied

::::: Outlet 2 :::::

AutoPing Failed
AutoPing Replied

::::: Outlet 3 :::::

AutoPing Failed
AutoPing Replied

::::: Outlet 4 :::::

AutoPing Failed
AutoPing Replied

Test Complete

::::: Outlet 1 :::::

AutoPing Failed
AutoPing Replied

::::: Outlet 2 :::::

AutoPing Failed
AutoPing Replied

::::: Outlet 3 :::::

AutoPing Failed
AutoPing Replied

::::: Outlet 4 :::::

AutoPing Failed
AutoPing Replied

Test Complete

Test Complete

Test Complete

Test Complete

Test Complete
twostate seqEnable state1

Test Complete

Test Complete

Test Complete

Test Complete
Traceback (most recent call last):
  File "C:\rlnk-select-test-automation\Outlet-RackLink_Tests\Outlets-Test\email_settings.py", line 199, in test_recipients
    assert self.is_hidden_string(success_msg()) == False
AssertionError


        </pre>
    </div>
    <!--css div popup end-->
    </td>
</tr>

<tr id='pt13.5' class='hiddenRow'>
    <td class='none'><div class='testcase'>test_sender_email</div></td>
    <td colspan='5' align='center'>
    <!--css div popup start-->
    <a class="popup_link" onfocus='this.blur();' href="javascript:showTestDetail('div_pt13.5')" >
        pass</a>
    <div id='div_pt13.5' class="popup_window">
        <div style='text-align: right; color:red;cursor:pointer'>
        <a onfocus='this.blur();' onclick="document.getElementById('div_pt13.5').style.display = 'none' " >
           [x]</a>
        </div>
        <pre>
        
pt13.5: 
Test Complete

Test Complete
Outlet is no longer in-sequence |  PASSED
Outlet is no longer in-sequence |  PASSED
Outlet is no longer in-sequence |  PASSED
"Currently no outlets in in-seq" message displayed |  PASSED 

Test Complete

::::: Outlet 1 :::::


::::: Outlet 2 :::::

Delay input value is within 1 - 255 |  PASSED

Test Complete
Delay input value is withing 1 - 255 |  PASSED
All visible outlets turned on |  PASSED

Test Complete

Test Complete

Test Complete

::::: Outlet 1 :::::

Input value is between 1 - 999 |  PASSED
Are you sure.. message appeared |  PASSED

::::: Outlet 1 :::::

Outlet expands into edit mode | PASSED
Outlet shrunk out of edit mode | PASSED

::::: Outlet 2 :::::

Outlet expands into edit mode | PASSED
Outlet shrunk out of edit mode | PASSED

::::: Outlet 3 :::::

Outlet expands into edit mode | PASSED
Outlet shrunk out of edit mode | PASSED

::::: Outlet 4 :::::

Outlet expands into edit mode | PASSED
Outlet shrunk out of edit mode | PASSED

Test Complete

::::: Outlet 1 :::::

Testing: 0.8.8.8 | has-error class appeared |   PASSED
Testing: 8.8.8.0 | has-error class appeared |   PASSED
Testing: 255.8.8.8 | has-error class appeared |   PASSED
Testing: 20.255.90 | has-error class appeared |   PASSED
Testing: 8.8.8 | has-error class appeared |   PASSED
Testing: 8.8.8.8.8 | has-error class appeared |   PASSED

::::: Outlet 2 :::::

Testing: 0.8.8.8 | has-error class appeared |   PASSED
Testing: 8.8.8.0 | has-error class appeared |   PASSED
Testing: 255.8.8.8 | has-error class appeared |   PASSED
Testing: 20.255.90 | has-error class appeared |   PASSED
Testing: 8.8.8 | has-error class appeared |   PASSED
Testing: 8.8.8.8.8 | has-error class appeared |   PASSED

::::: Outlet 3 :::::

Testing: 0.8.8.8 | has-error class appeared |   PASSED
Testing: 8.8.8.0 | has-error class appeared |   PASSED
Testing: 255.8.8.8 | has-error class appeared |   PASSED
Testing: 20.255.90 | has-error class appeared |   PASSED
Testing: 8.8.8 | has-error class appeared |   PASSED
Testing: 8.8.8.8.8 | has-error class appeared |   PASSED

::::: Outlet 4 :::::

Testing: 0.8.8.8 | has-error class appeared |   PASSED
Testing: 8.8.8.0 | has-error class appeared |   PASSED
Testing: 255.8.8.8 | has-error class appeared |   PASSED
Testing: 20.255.90 | has-error class appeared |   PASSED
Testing: 8.8.8 | has-error class appeared |   PASSED
Testing: 8.8.8.8.8 | has-error class appeared |   PASSED

Test Complete

Test Complete

Test Complete

::::: Outlet 1 :::::

twostate apEnable state1
Success message appeared |  PASSED
Outlet has shrunk out of edit mode | PASSED

::::: Outlet 2 :::::

twostate apEnable state1
Success message appeared |  PASSED
Outlet has shrunk out of edit mode | PASSED

::::: Outlet 3 :::::

twostate apEnable state1
Success message appeared |  PASSED
Outlet has shrunk out of edit mode | PASSED

::::: Outlet 4 :::::

twostate apEnable state1
Success message appeared |  PASSED
Outlet has shrunk out of edit mode | PASSED

Test Complete

Test Complete

Test Complete
Power state has not changed |  PASSED
Power state has not changed |  PASSED
Power state has not changed |  PASSED
Power state has not changed |  PASSED

Test Complete
Test case function: (test_power_cycle_once)

::::: Outlet 1 :::::

AutoPing Failed
AutoPing Replied

::::: Outlet 2 :::::

AutoPing Failed
AutoPing Replied

::::: Outlet 3 :::::

AutoPing Failed
AutoPing Replied

::::: Outlet 4 :::::

AutoPing Failed
AutoPing Replied

Test Complete

::::: Outlet 1 :::::

AutoPing Failed
AutoPing Replied

::::: Outlet 2 :::::


::::: Outlet 1 :::::

AutoPing Failed
AutoPing Replied

::::: Outlet 2 :::::

AutoPing Failed
AutoPing Replied

::::: Outlet 3 :::::

AutoPing Failed
AutoPing Replied

::::: Outlet 4 :::::

AutoPing Failed
AutoPing Replied

Test Complete

::::: Outlet 1 :::::

AutoPing Failed
AutoPing Replied

::::: Outlet 2 :::::

AutoPing Failed
AutoPing Replied

::::: Outlet 3 :::::

AutoPing Failed
AutoPing Replied

::::: Outlet 4 :::::

AutoPing Failed
AutoPing Replied

Test Complete

::::: Outlet 1 :::::

AutoPing Failed
AutoPing Replied

::::: Outlet 2 :::::

AutoPing Failed
AutoPing Replied

::::: Outlet 3 :::::

AutoPing Failed
AutoPing Replied

::::: Outlet 4 :::::

AutoPing Failed
AutoPing Replied

Test Complete

::::: Outlet 1 :::::

AutoPing Failed
AutoPing Replied

::::: Outlet 2 :::::

AutoPing Failed
AutoPing Replied

::::: Outlet 3 :::::

AutoPing Failed
AutoPing Replied

::::: Outlet 4 :::::

AutoPing Failed
AutoPing Replied

Test Complete

Test Complete

Test Complete

Test Complete

Test Complete
twostate seqEnable state1

Test Complete

Test Complete

Test Complete

Test Complete

Test Complete


        </pre>
    </div>
    <!--css div popup end-->
    </td>
</tr>

<tr class='passClass'>
    <td>network_settings.NetworkSettings</td>
    <td>1</td>
    <td>1</td>
    <td>0</td>
    <td>0</td>
    <td><a href="javascript:showClassDetail('c14',1)">Detail</a></td>
</tr>

<tr id='pt14.1' class='hiddenRow'>
    <td class='none'><div class='testcase'>test_network</div></td>
    <td colspan='5' align='center'>
    <!--css div popup start-->
    <a class="popup_link" onfocus='this.blur();' href="javascript:showTestDetail('div_pt14.1')" >
        pass</a>
    <div id='div_pt14.1' class="popup_window">
        <div style='text-align: right; color:red;cursor:pointer'>
        <a onfocus='this.blur();' onclick="document.getElementById('div_pt14.1').style.display = 'none' " >
           [x]</a>
        </div>
        <pre>
        
pt14.1: 
Test Complete

Test Complete
Outlet is no longer in-sequence |  PASSED
Outlet is no longer in-sequence |  PASSED
Outlet is no longer in-sequence |  PASSED
"Currently no outlets in in-seq" message displayed |  PASSED 

Test Complete

::::: Outlet 1 :::::


::::: Outlet 2 :::::

Delay input value is within 1 - 255 |  PASSED

Test Complete
Delay input value is withing 1 - 255 |  PASSED
All visible outlets turned on |  PASSED

Test Complete

Test Complete

Test Complete

::::: Outlet 1 :::::

Input value is between 1 - 999 |  PASSED
Are you sure.. message appeared |  PASSED

::::: Outlet 1 :::::

Outlet expands into edit mode | PASSED
Outlet shrunk out of edit mode | PASSED

::::: Outlet 2 :::::

Outlet expands into edit mode | PASSED
Outlet shrunk out of edit mode | PASSED

::::: Outlet 3 :::::

Outlet expands into edit mode | PASSED
Outlet shrunk out of edit mode | PASSED

::::: Outlet 4 :::::

Outlet expands into edit mode | PASSED
Outlet shrunk out of edit mode | PASSED

Test Complete

::::: Outlet 1 :::::

Testing: 0.8.8.8 | has-error class appeared |   PASSED
Testing: 8.8.8.0 | has-error class appeared |   PASSED
Testing: 255.8.8.8 | has-error class appeared |   PASSED
Testing: 20.255.90 | has-error class appeared |   PASSED
Testing: 8.8.8 | has-error class appeared |   PASSED
Testing: 8.8.8.8.8 | has-error class appeared |   PASSED

::::: Outlet 2 :::::

Testing: 0.8.8.8 | has-error class appeared |   PASSED
Testing: 8.8.8.0 | has-error class appeared |   PASSED
Testing: 255.8.8.8 | has-error class appeared |   PASSED
Testing: 20.255.90 | has-error class appeared |   PASSED
Testing: 8.8.8 | has-error class appeared |   PASSED
Testing: 8.8.8.8.8 | has-error class appeared |   PASSED

::::: Outlet 3 :::::

Testing: 0.8.8.8 | has-error class appeared |   PASSED
Testing: 8.8.8.0 | has-error class appeared |   PASSED
Testing: 255.8.8.8 | has-error class appeared |   PASSED
Testing: 20.255.90 | has-error class appeared |   PASSED
Testing: 8.8.8 | has-error class appeared |   PASSED
Testing: 8.8.8.8.8 | has-error class appeared |   PASSED

::::: Outlet 4 :::::

Testing: 0.8.8.8 | has-error class appeared |   PASSED
Testing: 8.8.8.0 | has-error class appeared |   PASSED
Testing: 255.8.8.8 | has-error class appeared |   PASSED
Testing: 20.255.90 | has-error class appeared |   PASSED
Testing: 8.8.8 | has-error class appeared |   PASSED
Testing: 8.8.8.8.8 | has-error class appeared |   PASSED

Test Complete

Test Complete

Test Complete

::::: Outlet 1 :::::

twostate apEnable state1
Success message appeared |  PASSED
Outlet has shrunk out of edit mode | PASSED

::::: Outlet 2 :::::

twostate apEnable state1
Success message appeared |  PASSED
Outlet has shrunk out of edit mode | PASSED

::::: Outlet 3 :::::

twostate apEnable state1
Success message appeared |  PASSED
Outlet has shrunk out of edit mode | PASSED

::::: Outlet 4 :::::

twostate apEnable state1
Success message appeared |  PASSED
Outlet has shrunk out of edit mode | PASSED

Test Complete

Test Complete

Test Complete
Power state has not changed |  PASSED
Power state has not changed |  PASSED
Power state has not changed |  PASSED
Power state has not changed |  PASSED

Test Complete
Test case function: (test_power_cycle_once)

::::: Outlet 1 :::::

AutoPing Failed
AutoPing Replied

::::: Outlet 2 :::::

AutoPing Failed
AutoPing Replied

::::: Outlet 3 :::::

AutoPing Failed
AutoPing Replied

::::: Outlet 4 :::::

AutoPing Failed
AutoPing Replied

Test Complete

::::: Outlet 1 :::::

AutoPing Failed
AutoPing Replied

::::: Outlet 2 :::::


::::: Outlet 1 :::::

AutoPing Failed
AutoPing Replied

::::: Outlet 2 :::::

AutoPing Failed
AutoPing Replied

::::: Outlet 3 :::::

AutoPing Failed
AutoPing Replied

::::: Outlet 4 :::::

AutoPing Failed
AutoPing Replied

Test Complete

::::: Outlet 1 :::::

AutoPing Failed
AutoPing Replied

::::: Outlet 2 :::::

AutoPing Failed
AutoPing Replied

::::: Outlet 3 :::::

AutoPing Failed
AutoPing Replied

::::: Outlet 4 :::::

AutoPing Failed
AutoPing Replied

Test Complete

::::: Outlet 1 :::::

AutoPing Failed
AutoPing Replied

::::: Outlet 2 :::::

AutoPing Failed
AutoPing Replied

::::: Outlet 3 :::::

AutoPing Failed
AutoPing Replied

::::: Outlet 4 :::::

AutoPing Failed
AutoPing Replied

Test Complete

::::: Outlet 1 :::::

AutoPing Failed
AutoPing Replied

::::: Outlet 2 :::::

AutoPing Failed
AutoPing Replied

::::: Outlet 3 :::::

AutoPing Failed
AutoPing Replied

::::: Outlet 4 :::::

AutoPing Failed
AutoPing Replied

Test Complete

Test Complete

Test Complete

Test Complete

Test Complete
twostate seqEnable state1

Test Complete

Test Complete

Test Complete

Test Complete

Test Complete

Test Complete


        </pre>
    </div>
    <!--css div popup end-->
    </td>
</tr>

<tr id='total_row'>
    <td>Total</td>
    <td>40</td>
    <td>30</td>
    <td>2</td>
    <td>8</td>
    <td>&nbsp;</td>
</tr>
</table>

<div id='ending'>&nbsp;</div>

</body>
</html>
    
    